#
# There is insufficient memory for the Java Runtime Environment to continue.
# Native memory allocation (malloc) failed to allocate 1063056 bytes for Chunk::new
# Possible reasons:
#   The system is out of physical RAM or swap space
#   The process is running with CompressedOops enabled, and the Java Heap may be blocking the growth of the native heap
# Possible solutions:
#   Reduce memory load on the system
#   Increase physical memory or swap space
#   Check if swap backing store is full
#   Decrease Java heap size (-Xmx/-Xms)
#   Decrease number of Java threads
#   Decrease Java thread stack sizes (-Xss)
#   Set larger code cache with -XX:ReservedCodeCacheSize=
#   JVM is running with Zero Based Compressed Oops mode in which the Java heap is
#     placed in the first 32GB address space. The Java Heap base address is the
#     maximum limit for the native heap growth. Please use -XX:HeapBaseMinAddress
#     to set the Java Heap base and to place the Java Heap above 32GB virtual address.
# This output file may be truncated or incomplete.
#
#  Out of Memory Error (arena.cpp:189), pid=36028, tid=37092
#
# JRE version: OpenJDK Runtime Environment Temurin-17.0.6+10 (17.0.6+10) (build 17.0.6+10)
# Java VM: OpenJDK 64-Bit Server VM Temurin-17.0.6+10 (17.0.6+10, mixed mode, tiered, compressed oops, compressed class ptrs, g1 gc, windows-amd64)
# No core dump will be written. Minidumps are not enabled by default on client versions of Windows
#

---------------  S U M M A R Y ------------

Command Line: -Dfile.encoding=UTF-8 -XX:+ShowCodeDetailsInExceptionMessages rugby.GameEnviroment

Host: Intel(R) Core(TM) i7-7700K CPU @ 4.20GHz, 8 cores, 15G,  Windows 10 , 64 bit Build 19041 (10.0.19041.2913)
Time: Sun May 21 04:09:50 2023 New Zealand Standard Time elapsed time: 27.617379 seconds (0d 0h 0m 27s)

---------------  T H R E A D  ---------------

Current thread (0x0000018db5894330):  JavaThread "C2 CompilerThread0" daemon [_thread_in_native, id=37092, stack(0x0000006e89a00000,0x0000006e89b00000)]


Current CompileTask:
C2:  27617 1913       4       java.awt.Component::dispatchEventImpl (777 bytes)

Stack: [0x0000006e89a00000,0x0000006e89b00000]
Native frames: (J=compiled Java code, j=interpreted, Vv=VM code, C=native code)
V  [jvm.dll+0x67741a]
V  [jvm.dll+0x834434]
V  [jvm.dll+0x835bde]
V  [jvm.dll+0x836243]
V  [jvm.dll+0x2457b5]
V  [jvm.dll+0xabafc]
V  [jvm.dll+0xac0cc]
V  [jvm.dll+0x3634e7]
V  [jvm.dll+0x32dda1]
V  [jvm.dll+0x32d24a]
V  [jvm.dll+0x2185f1]
V  [jvm.dll+0x217a11]
V  [jvm.dll+0x1a3d0d]
V  [jvm.dll+0x22742a]
V  [jvm.dll+0x225565]
V  [jvm.dll+0x7ea2cb]
V  [jvm.dll+0x7e483a]
V  [jvm.dll+0x6762c5]
C  [ucrtbase.dll+0x21bb2]
C  [KERNEL32.DLL+0x17614]
C  [ntdll.dll+0x526a1]


---------------  P R O C E S S  ---------------

Threads class SMR info:
_java_thread_list=0x0000018dbd3d3250, length=18, elements={
0x0000018db582e530, 0x0000018db582f4e0, 0x0000018db588b410, 0x0000018db588cde0,
0x0000018db588f7a0, 0x0000018db5890150, 0x0000018db5894330, 0x0000018db5894d20,
0x0000018db589fef0, 0x0000018db5a03430, 0x0000018db5a09fc0, 0x0000018db5e72f00,
0x0000018db5e76870, 0x0000018db5e92940, 0x0000018dbcd9dc90, 0x0000018dbccdff30,
0x0000018dbcce0400, 0x0000018dbcce08d0
}

Java Threads: ( => current thread )
  0x0000018db582e530 JavaThread "Reference Handler" daemon [_thread_blocked, id=34228, stack(0x0000006e89400000,0x0000006e89500000)]
  0x0000018db582f4e0 JavaThread "Finalizer" daemon [_thread_blocked, id=43800, stack(0x0000006e89500000,0x0000006e89600000)]
  0x0000018db588b410 JavaThread "Signal Dispatcher" daemon [_thread_blocked, id=1000, stack(0x0000006e89600000,0x0000006e89700000)]
  0x0000018db588cde0 JavaThread "Attach Listener" daemon [_thread_blocked, id=43868, stack(0x0000006e89700000,0x0000006e89800000)]
  0x0000018db588f7a0 JavaThread "Service Thread" daemon [_thread_blocked, id=42352, stack(0x0000006e89800000,0x0000006e89900000)]
  0x0000018db5890150 JavaThread "Monitor Deflation Thread" daemon [_thread_blocked, id=14692, stack(0x0000006e89900000,0x0000006e89a00000)]
=>0x0000018db5894330 JavaThread "C2 CompilerThread0" daemon [_thread_in_native, id=37092, stack(0x0000006e89a00000,0x0000006e89b00000)]
  0x0000018db5894d20 JavaThread "C1 CompilerThread0" daemon [_thread_blocked, id=31348, stack(0x0000006e89b00000,0x0000006e89c00000)]
  0x0000018db589fef0 JavaThread "Sweeper thread" daemon [_thread_blocked, id=31424, stack(0x0000006e89c00000,0x0000006e89d00000)]
  0x0000018db5a03430 JavaThread "Notification Thread" daemon [_thread_blocked, id=40836, stack(0x0000006e89d00000,0x0000006e89e00000)]
  0x0000018db5a09fc0 JavaThread "Common-Cleaner" daemon [_thread_blocked, id=29272, stack(0x0000006e89f00000,0x0000006e8a000000)]
  0x0000018db5e72f00 JavaThread "Java2D Disposer" daemon [_thread_blocked, id=4440, stack(0x0000006e8a000000,0x0000006e8a100000)]
  0x0000018db5e76870 JavaThread "AWT-Shutdown" [_thread_blocked, id=33120, stack(0x0000006e8a100000,0x0000006e8a200000)]
  0x0000018db5e92940 JavaThread "AWT-Windows" daemon [_thread_in_native, id=43548, stack(0x0000006e8a200000,0x0000006e8a300000)]
  0x0000018dbcd9dc90 JavaThread "AWT-EventQueue-0" [_thread_blocked, id=13296, stack(0x0000006e8a550000,0x0000006e8a650000)]
  0x0000018dbccdff30 JavaThread "D3D Screen Updater" daemon [_thread_blocked, id=40432, stack(0x0000006e8a950000,0x0000006e8aa50000)]
  0x0000018dbcce0400 JavaThread "DestroyJavaVM" [_thread_blocked, id=43796, stack(0x0000006e88d00000,0x0000006e88e00000)]
  0x0000018dbcce08d0 JavaThread "TimerQueue" daemon [_thread_blocked, id=42904, stack(0x0000006e8aa60000,0x0000006e8ab60000)]

Other Threads:
  0x0000018db4ded980 VMThread "VM Thread" [stack: 0x0000006e89300000,0x0000006e89400000] [id=35164]
  0x0000018db5a05910 WatcherThread [stack: 0x0000006e89e00000,0x0000006e89f00000] [id=43176]
  0x0000018d96216400 GCTaskThread "GC Thread#0" [stack: 0x0000006e88e00000,0x0000006e88f00000] [id=41576]
  0x0000018d96227a30 ConcurrentGCThread "G1 Main Marker" [stack: 0x0000006e88f00000,0x0000006e89000000] [id=43032]
  0x0000018d96228440 ConcurrentGCThread "G1 Conc#0" [stack: 0x0000006e89000000,0x0000006e89100000] [id=44024]
  0x0000018db4c724d0 ConcurrentGCThread "G1 Refine#0" [stack: 0x0000006e89100000,0x0000006e89200000] [id=43236]
  0x0000018db4c72ef0 ConcurrentGCThread "G1 Service" [stack: 0x0000006e89200000,0x0000006e89300000] [id=7352]

Threads with active compile tasks:
C2 CompilerThread0    27650 1913       4       java.awt.Component::dispatchEventImpl (777 bytes)

VM state: not at safepoint (normal execution)

VM Mutex/Monitor currently owned by a thread: None

Heap address: 0x0000000700a00000, size: 4086 MB, Compressed Oops mode: Zero based, Oop shift amount: 3

CDS archive(s) not mapped
Compressed class space mapped at: 0x0000000800000000-0x0000000840000000, reserved size: 1073741824
Narrow klass base: 0x0000000800000000, Narrow klass shift: 0, Narrow klass range: 0x40000000

GC Precious Log:
 CPUs: 8 total, 8 available
 Memory: 16340M
 Large Page Support: Disabled
 NUMA Support: Disabled
 Compressed Oops: Enabled (Zero based)
 Heap Region Size: 2M
 Heap Min Capacity: 8M
 Heap Initial Capacity: 256M
 Heap Max Capacity: 4086M
 Pre-touch: Disabled
 Parallel Workers: 8
 Concurrent Workers: 2
 Concurrent Refinement Workers: 8
 Periodic GC: Disabled

Heap:
 garbage-first heap   total 262144K, used 20480K [0x0000000700a00000, 0x0000000800000000)
  region size 2048K, 10 young (20480K), 0 survivors (0K)
 Metaspace       used 18174K, committed 18368K, reserved 1073152K
  class space    used 1826K, committed 1920K, reserved 1048576K

Heap Regions: E=young(eden), S=young(survivor), O=old, HS=humongous(starts), HC=humongous(continues), CS=collection set, F=free, OA=open archive, CA=closed archive, TAMS=top-at-mark-start (previous, next)
|   0|0x0000000700a00000, 0x0000000700c00000, 0x0000000700c00000|100%|HS|  |TAMS 0x0000000700a00000, 0x0000000700a00000| Complete 
|   1|0x0000000700c00000, 0x0000000700c00000, 0x0000000700e00000|  0%| F|  |TAMS 0x0000000700c00000, 0x0000000700c00000| Untracked 
|   2|0x0000000700e00000, 0x0000000700e00000, 0x0000000701000000|  0%| F|  |TAMS 0x0000000700e00000, 0x0000000700e00000| Untracked 
|   3|0x0000000701000000, 0x0000000701000000, 0x0000000701200000|  0%| F|  |TAMS 0x0000000701000000, 0x0000000701000000| Untracked 
|   4|0x0000000701200000, 0x0000000701200000, 0x0000000701400000|  0%| F|  |TAMS 0x0000000701200000, 0x0000000701200000| Untracked 
|   5|0x0000000701400000, 0x0000000701400000, 0x0000000701600000|  0%| F|  |TAMS 0x0000000701400000, 0x0000000701400000| Untracked 
|   6|0x0000000701600000, 0x0000000701600000, 0x0000000701800000|  0%| F|  |TAMS 0x0000000701600000, 0x0000000701600000| Untracked 
|   7|0x0000000701800000, 0x0000000701800000, 0x0000000701a00000|  0%| F|  |TAMS 0x0000000701800000, 0x0000000701800000| Untracked 
|   8|0x0000000701a00000, 0x0000000701a00000, 0x0000000701c00000|  0%| F|  |TAMS 0x0000000701a00000, 0x0000000701a00000| Untracked 
|   9|0x0000000701c00000, 0x0000000701c00000, 0x0000000701e00000|  0%| F|  |TAMS 0x0000000701c00000, 0x0000000701c00000| Untracked 
|  10|0x0000000701e00000, 0x0000000701e00000, 0x0000000702000000|  0%| F|  |TAMS 0x0000000701e00000, 0x0000000701e00000| Untracked 
|  11|0x0000000702000000, 0x0000000702000000, 0x0000000702200000|  0%| F|  |TAMS 0x0000000702000000, 0x0000000702000000| Untracked 
|  12|0x0000000702200000, 0x0000000702200000, 0x0000000702400000|  0%| F|  |TAMS 0x0000000702200000, 0x0000000702200000| Untracked 
|  13|0x0000000702400000, 0x0000000702400000, 0x0000000702600000|  0%| F|  |TAMS 0x0000000702400000, 0x0000000702400000| Untracked 
|  14|0x0000000702600000, 0x0000000702600000, 0x0000000702800000|  0%| F|  |TAMS 0x0000000702600000, 0x0000000702600000| Untracked 
|  15|0x0000000702800000, 0x0000000702800000, 0x0000000702a00000|  0%| F|  |TAMS 0x0000000702800000, 0x0000000702800000| Untracked 
|  16|0x0000000702a00000, 0x0000000702a00000, 0x0000000702c00000|  0%| F|  |TAMS 0x0000000702a00000, 0x0000000702a00000| Untracked 
|  17|0x0000000702c00000, 0x0000000702c00000, 0x0000000702e00000|  0%| F|  |TAMS 0x0000000702c00000, 0x0000000702c00000| Untracked 
|  18|0x0000000702e00000, 0x0000000702e00000, 0x0000000703000000|  0%| F|  |TAMS 0x0000000702e00000, 0x0000000702e00000| Untracked 
|  19|0x0000000703000000, 0x0000000703000000, 0x0000000703200000|  0%| F|  |TAMS 0x0000000703000000, 0x0000000703000000| Untracked 
|  20|0x0000000703200000, 0x0000000703200000, 0x0000000703400000|  0%| F|  |TAMS 0x0000000703200000, 0x0000000703200000| Untracked 
|  21|0x0000000703400000, 0x0000000703400000, 0x0000000703600000|  0%| F|  |TAMS 0x0000000703400000, 0x0000000703400000| Untracked 
|  22|0x0000000703600000, 0x0000000703600000, 0x0000000703800000|  0%| F|  |TAMS 0x0000000703600000, 0x0000000703600000| Untracked 
|  23|0x0000000703800000, 0x0000000703800000, 0x0000000703a00000|  0%| F|  |TAMS 0x0000000703800000, 0x0000000703800000| Untracked 
|  24|0x0000000703a00000, 0x0000000703a00000, 0x0000000703c00000|  0%| F|  |TAMS 0x0000000703a00000, 0x0000000703a00000| Untracked 
|  25|0x0000000703c00000, 0x0000000703c00000, 0x0000000703e00000|  0%| F|  |TAMS 0x0000000703c00000, 0x0000000703c00000| Untracked 
|  26|0x0000000703e00000, 0x0000000703e00000, 0x0000000704000000|  0%| F|  |TAMS 0x0000000703e00000, 0x0000000703e00000| Untracked 
|  27|0x0000000704000000, 0x0000000704000000, 0x0000000704200000|  0%| F|  |TAMS 0x0000000704000000, 0x0000000704000000| Untracked 
|  28|0x0000000704200000, 0x0000000704200000, 0x0000000704400000|  0%| F|  |TAMS 0x0000000704200000, 0x0000000704200000| Untracked 
|  29|0x0000000704400000, 0x0000000704400000, 0x0000000704600000|  0%| F|  |TAMS 0x0000000704400000, 0x0000000704400000| Untracked 
|  30|0x0000000704600000, 0x0000000704600000, 0x0000000704800000|  0%| F|  |TAMS 0x0000000704600000, 0x0000000704600000| Untracked 
|  31|0x0000000704800000, 0x0000000704800000, 0x0000000704a00000|  0%| F|  |TAMS 0x0000000704800000, 0x0000000704800000| Untracked 
|  32|0x0000000704a00000, 0x0000000704a00000, 0x0000000704c00000|  0%| F|  |TAMS 0x0000000704a00000, 0x0000000704a00000| Untracked 
|  33|0x0000000704c00000, 0x0000000704c00000, 0x0000000704e00000|  0%| F|  |TAMS 0x0000000704c00000, 0x0000000704c00000| Untracked 
|  34|0x0000000704e00000, 0x0000000704e00000, 0x0000000705000000|  0%| F|  |TAMS 0x0000000704e00000, 0x0000000704e00000| Untracked 
|  35|0x0000000705000000, 0x0000000705000000, 0x0000000705200000|  0%| F|  |TAMS 0x0000000705000000, 0x0000000705000000| Untracked 
|  36|0x0000000705200000, 0x0000000705200000, 0x0000000705400000|  0%| F|  |TAMS 0x0000000705200000, 0x0000000705200000| Untracked 
|  37|0x0000000705400000, 0x0000000705400000, 0x0000000705600000|  0%| F|  |TAMS 0x0000000705400000, 0x0000000705400000| Untracked 
|  38|0x0000000705600000, 0x0000000705600000, 0x0000000705800000|  0%| F|  |TAMS 0x0000000705600000, 0x0000000705600000| Untracked 
|  39|0x0000000705800000, 0x0000000705800000, 0x0000000705a00000|  0%| F|  |TAMS 0x0000000705800000, 0x0000000705800000| Untracked 
|  40|0x0000000705a00000, 0x0000000705a00000, 0x0000000705c00000|  0%| F|  |TAMS 0x0000000705a00000, 0x0000000705a00000| Untracked 
|  41|0x0000000705c00000, 0x0000000705c00000, 0x0000000705e00000|  0%| F|  |TAMS 0x0000000705c00000, 0x0000000705c00000| Untracked 
|  42|0x0000000705e00000, 0x0000000705e00000, 0x0000000706000000|  0%| F|  |TAMS 0x0000000705e00000, 0x0000000705e00000| Untracked 
|  43|0x0000000706000000, 0x0000000706000000, 0x0000000706200000|  0%| F|  |TAMS 0x0000000706000000, 0x0000000706000000| Untracked 
|  44|0x0000000706200000, 0x0000000706200000, 0x0000000706400000|  0%| F|  |TAMS 0x0000000706200000, 0x0000000706200000| Untracked 
|  45|0x0000000706400000, 0x0000000706400000, 0x0000000706600000|  0%| F|  |TAMS 0x0000000706400000, 0x0000000706400000| Untracked 
|  46|0x0000000706600000, 0x0000000706600000, 0x0000000706800000|  0%| F|  |TAMS 0x0000000706600000, 0x0000000706600000| Untracked 
|  47|0x0000000706800000, 0x0000000706800000, 0x0000000706a00000|  0%| F|  |TAMS 0x0000000706800000, 0x0000000706800000| Untracked 
|  48|0x0000000706a00000, 0x0000000706a00000, 0x0000000706c00000|  0%| F|  |TAMS 0x0000000706a00000, 0x0000000706a00000| Untracked 
|  49|0x0000000706c00000, 0x0000000706c00000, 0x0000000706e00000|  0%| F|  |TAMS 0x0000000706c00000, 0x0000000706c00000| Untracked 
|  50|0x0000000706e00000, 0x0000000706e00000, 0x0000000707000000|  0%| F|  |TAMS 0x0000000706e00000, 0x0000000706e00000| Untracked 
|  51|0x0000000707000000, 0x0000000707000000, 0x0000000707200000|  0%| F|  |TAMS 0x0000000707000000, 0x0000000707000000| Untracked 
|  52|0x0000000707200000, 0x0000000707200000, 0x0000000707400000|  0%| F|  |TAMS 0x0000000707200000, 0x0000000707200000| Untracked 
|  53|0x0000000707400000, 0x0000000707400000, 0x0000000707600000|  0%| F|  |TAMS 0x0000000707400000, 0x0000000707400000| Untracked 
|  54|0x0000000707600000, 0x0000000707600000, 0x0000000707800000|  0%| F|  |TAMS 0x0000000707600000, 0x0000000707600000| Untracked 
|  55|0x0000000707800000, 0x0000000707800000, 0x0000000707a00000|  0%| F|  |TAMS 0x0000000707800000, 0x0000000707800000| Untracked 
|  56|0x0000000707a00000, 0x0000000707a00000, 0x0000000707c00000|  0%| F|  |TAMS 0x0000000707a00000, 0x0000000707a00000| Untracked 
|  57|0x0000000707c00000, 0x0000000707c00000, 0x0000000707e00000|  0%| F|  |TAMS 0x0000000707c00000, 0x0000000707c00000| Untracked 
|  58|0x0000000707e00000, 0x0000000707e00000, 0x0000000708000000|  0%| F|  |TAMS 0x0000000707e00000, 0x0000000707e00000| Untracked 
|  59|0x0000000708000000, 0x0000000708000000, 0x0000000708200000|  0%| F|  |TAMS 0x0000000708000000, 0x0000000708000000| Untracked 
|  60|0x0000000708200000, 0x0000000708200000, 0x0000000708400000|  0%| F|  |TAMS 0x0000000708200000, 0x0000000708200000| Untracked 
|  61|0x0000000708400000, 0x0000000708400000, 0x0000000708600000|  0%| F|  |TAMS 0x0000000708400000, 0x0000000708400000| Untracked 
|  62|0x0000000708600000, 0x0000000708600000, 0x0000000708800000|  0%| F|  |TAMS 0x0000000708600000, 0x0000000708600000| Untracked 
|  63|0x0000000708800000, 0x0000000708800000, 0x0000000708a00000|  0%| F|  |TAMS 0x0000000708800000, 0x0000000708800000| Untracked 
|  64|0x0000000708a00000, 0x0000000708a00000, 0x0000000708c00000|  0%| F|  |TAMS 0x0000000708a00000, 0x0000000708a00000| Untracked 
|  65|0x0000000708c00000, 0x0000000708c00000, 0x0000000708e00000|  0%| F|  |TAMS 0x0000000708c00000, 0x0000000708c00000| Untracked 
|  66|0x0000000708e00000, 0x0000000708e00000, 0x0000000709000000|  0%| F|  |TAMS 0x0000000708e00000, 0x0000000708e00000| Untracked 
|  67|0x0000000709000000, 0x0000000709000000, 0x0000000709200000|  0%| F|  |TAMS 0x0000000709000000, 0x0000000709000000| Untracked 
|  68|0x0000000709200000, 0x0000000709200000, 0x0000000709400000|  0%| F|  |TAMS 0x0000000709200000, 0x0000000709200000| Untracked 
|  69|0x0000000709400000, 0x0000000709400000, 0x0000000709600000|  0%| F|  |TAMS 0x0000000709400000, 0x0000000709400000| Untracked 
|  70|0x0000000709600000, 0x0000000709600000, 0x0000000709800000|  0%| F|  |TAMS 0x0000000709600000, 0x0000000709600000| Untracked 
|  71|0x0000000709800000, 0x0000000709800000, 0x0000000709a00000|  0%| F|  |TAMS 0x0000000709800000, 0x0000000709800000| Untracked 
|  72|0x0000000709a00000, 0x0000000709a00000, 0x0000000709c00000|  0%| F|  |TAMS 0x0000000709a00000, 0x0000000709a00000| Untracked 
|  73|0x0000000709c00000, 0x0000000709c00000, 0x0000000709e00000|  0%| F|  |TAMS 0x0000000709c00000, 0x0000000709c00000| Untracked 
|  74|0x0000000709e00000, 0x0000000709e00000, 0x000000070a000000|  0%| F|  |TAMS 0x0000000709e00000, 0x0000000709e00000| Untracked 
|  75|0x000000070a000000, 0x000000070a000000, 0x000000070a200000|  0%| F|  |TAMS 0x000000070a000000, 0x000000070a000000| Untracked 
|  76|0x000000070a200000, 0x000000070a200000, 0x000000070a400000|  0%| F|  |TAMS 0x000000070a200000, 0x000000070a200000| Untracked 
|  77|0x000000070a400000, 0x000000070a400000, 0x000000070a600000|  0%| F|  |TAMS 0x000000070a400000, 0x000000070a400000| Untracked 
|  78|0x000000070a600000, 0x000000070a600000, 0x000000070a800000|  0%| F|  |TAMS 0x000000070a600000, 0x000000070a600000| Untracked 
|  79|0x000000070a800000, 0x000000070a800000, 0x000000070aa00000|  0%| F|  |TAMS 0x000000070a800000, 0x000000070a800000| Untracked 
|  80|0x000000070aa00000, 0x000000070aa00000, 0x000000070ac00000|  0%| F|  |TAMS 0x000000070aa00000, 0x000000070aa00000| Untracked 
|  81|0x000000070ac00000, 0x000000070ac00000, 0x000000070ae00000|  0%| F|  |TAMS 0x000000070ac00000, 0x000000070ac00000| Untracked 
|  82|0x000000070ae00000, 0x000000070ae00000, 0x000000070b000000|  0%| F|  |TAMS 0x000000070ae00000, 0x000000070ae00000| Untracked 
|  83|0x000000070b000000, 0x000000070b000000, 0x000000070b200000|  0%| F|  |TAMS 0x000000070b000000, 0x000000070b000000| Untracked 
|  84|0x000000070b200000, 0x000000070b200000, 0x000000070b400000|  0%| F|  |TAMS 0x000000070b200000, 0x000000070b200000| Untracked 
|  85|0x000000070b400000, 0x000000070b400000, 0x000000070b600000|  0%| F|  |TAMS 0x000000070b400000, 0x000000070b400000| Untracked 
|  86|0x000000070b600000, 0x000000070b600000, 0x000000070b800000|  0%| F|  |TAMS 0x000000070b600000, 0x000000070b600000| Untracked 
|  87|0x000000070b800000, 0x000000070b800000, 0x000000070ba00000|  0%| F|  |TAMS 0x000000070b800000, 0x000000070b800000| Untracked 
|  88|0x000000070ba00000, 0x000000070ba00000, 0x000000070bc00000|  0%| F|  |TAMS 0x000000070ba00000, 0x000000070ba00000| Untracked 
|  89|0x000000070bc00000, 0x000000070bc00000, 0x000000070be00000|  0%| F|  |TAMS 0x000000070bc00000, 0x000000070bc00000| Untracked 
|  90|0x000000070be00000, 0x000000070be00000, 0x000000070c000000|  0%| F|  |TAMS 0x000000070be00000, 0x000000070be00000| Untracked 
|  91|0x000000070c000000, 0x000000070c000000, 0x000000070c200000|  0%| F|  |TAMS 0x000000070c000000, 0x000000070c000000| Untracked 
|  92|0x000000070c200000, 0x000000070c200000, 0x000000070c400000|  0%| F|  |TAMS 0x000000070c200000, 0x000000070c200000| Untracked 
|  93|0x000000070c400000, 0x000000070c400000, 0x000000070c600000|  0%| F|  |TAMS 0x000000070c400000, 0x000000070c400000| Untracked 
|  94|0x000000070c600000, 0x000000070c600000, 0x000000070c800000|  0%| F|  |TAMS 0x000000070c600000, 0x000000070c600000| Untracked 
|  95|0x000000070c800000, 0x000000070c800000, 0x000000070ca00000|  0%| F|  |TAMS 0x000000070c800000, 0x000000070c800000| Untracked 
|  96|0x000000070ca00000, 0x000000070ca00000, 0x000000070cc00000|  0%| F|  |TAMS 0x000000070ca00000, 0x000000070ca00000| Untracked 
|  97|0x000000070cc00000, 0x000000070cc00000, 0x000000070ce00000|  0%| F|  |TAMS 0x000000070cc00000, 0x000000070cc00000| Untracked 
|  98|0x000000070ce00000, 0x000000070ce00000, 0x000000070d000000|  0%| F|  |TAMS 0x000000070ce00000, 0x000000070ce00000| Untracked 
|  99|0x000000070d000000, 0x000000070d000000, 0x000000070d200000|  0%| F|  |TAMS 0x000000070d000000, 0x000000070d000000| Untracked 
| 100|0x000000070d200000, 0x000000070d200000, 0x000000070d400000|  0%| F|  |TAMS 0x000000070d200000, 0x000000070d200000| Untracked 
| 101|0x000000070d400000, 0x000000070d400000, 0x000000070d600000|  0%| F|  |TAMS 0x000000070d400000, 0x000000070d400000| Untracked 
| 102|0x000000070d600000, 0x000000070d600000, 0x000000070d800000|  0%| F|  |TAMS 0x000000070d600000, 0x000000070d600000| Untracked 
| 103|0x000000070d800000, 0x000000070d800000, 0x000000070da00000|  0%| F|  |TAMS 0x000000070d800000, 0x000000070d800000| Untracked 
| 104|0x000000070da00000, 0x000000070da00000, 0x000000070dc00000|  0%| F|  |TAMS 0x000000070da00000, 0x000000070da00000| Untracked 
| 105|0x000000070dc00000, 0x000000070dc00000, 0x000000070de00000|  0%| F|  |TAMS 0x000000070dc00000, 0x000000070dc00000| Untracked 
| 106|0x000000070de00000, 0x000000070de00000, 0x000000070e000000|  0%| F|  |TAMS 0x000000070de00000, 0x000000070de00000| Untracked 
| 107|0x000000070e000000, 0x000000070e000000, 0x000000070e200000|  0%| F|  |TAMS 0x000000070e000000, 0x000000070e000000| Untracked 
| 108|0x000000070e200000, 0x000000070e200000, 0x000000070e400000|  0%| F|  |TAMS 0x000000070e200000, 0x000000070e200000| Untracked 
| 109|0x000000070e400000, 0x000000070e400000, 0x000000070e600000|  0%| F|  |TAMS 0x000000070e400000, 0x000000070e400000| Untracked 
| 110|0x000000070e600000, 0x000000070e600000, 0x000000070e800000|  0%| F|  |TAMS 0x000000070e600000, 0x000000070e600000| Untracked 
| 111|0x000000070e800000, 0x000000070e800000, 0x000000070ea00000|  0%| F|  |TAMS 0x000000070e800000, 0x000000070e800000| Untracked 
| 112|0x000000070ea00000, 0x000000070ea00000, 0x000000070ec00000|  0%| F|  |TAMS 0x000000070ea00000, 0x000000070ea00000| Untracked 
| 113|0x000000070ec00000, 0x000000070ec00000, 0x000000070ee00000|  0%| F|  |TAMS 0x000000070ec00000, 0x000000070ec00000| Untracked 
| 114|0x000000070ee00000, 0x000000070ee00000, 0x000000070f000000|  0%| F|  |TAMS 0x000000070ee00000, 0x000000070ee00000| Untracked 
| 115|0x000000070f000000, 0x000000070f000000, 0x000000070f200000|  0%| F|  |TAMS 0x000000070f000000, 0x000000070f000000| Untracked 
| 116|0x000000070f200000, 0x000000070f200000, 0x000000070f400000|  0%| F|  |TAMS 0x000000070f200000, 0x000000070f200000| Untracked 
| 117|0x000000070f400000, 0x000000070f400000, 0x000000070f600000|  0%| F|  |TAMS 0x000000070f400000, 0x000000070f400000| Untracked 
| 118|0x000000070f600000, 0x000000070f7c31a0, 0x000000070f800000| 88%| E|  |TAMS 0x000000070f600000, 0x000000070f600000| Complete 
| 119|0x000000070f800000, 0x000000070fa00000, 0x000000070fa00000|100%| E|CS|TAMS 0x000000070f800000, 0x000000070f800000| Complete 
| 120|0x000000070fa00000, 0x000000070fc00000, 0x000000070fc00000|100%| E|CS|TAMS 0x000000070fa00000, 0x000000070fa00000| Complete 
| 121|0x000000070fc00000, 0x000000070fe00000, 0x000000070fe00000|100%| E|CS|TAMS 0x000000070fc00000, 0x000000070fc00000| Complete 
| 122|0x000000070fe00000, 0x0000000710000000, 0x0000000710000000|100%| E|CS|TAMS 0x000000070fe00000, 0x000000070fe00000| Complete 
| 123|0x0000000710000000, 0x0000000710200000, 0x0000000710200000|100%| E|CS|TAMS 0x0000000710000000, 0x0000000710000000| Complete 
| 124|0x0000000710200000, 0x0000000710400000, 0x0000000710400000|100%| E|CS|TAMS 0x0000000710200000, 0x0000000710200000| Complete 
| 125|0x0000000710400000, 0x0000000710600000, 0x0000000710600000|100%| E|CS|TAMS 0x0000000710400000, 0x0000000710400000| Complete 
| 126|0x0000000710600000, 0x0000000710800000, 0x0000000710800000|100%| E|CS|TAMS 0x0000000710600000, 0x0000000710600000| Complete 
| 127|0x0000000710800000, 0x0000000710a00000, 0x0000000710a00000|100%| E|CS|TAMS 0x0000000710800000, 0x0000000710800000| Complete 

Card table byte_map: [0x0000018da93b0000,0x0000018da9bb0000] _byte_map_base: 0x0000018da5bab000

Marking Bits (Prev, Next): (CMBitMap*) 0x0000018d96216a10, (CMBitMap*) 0x0000018d96216a50
 Prev Bits: [0x0000018daa3b0000, 0x0000018dae388000)
 Next Bits: [0x0000018dae390000, 0x0000018db2368000)

Polling page: 0x0000018d940a0000

Metaspace:

Usage:
  Non-class:     15.96 MB used.
      Class:      1.78 MB used.
       Both:     17.75 MB used.

Virtual space:
  Non-class space:       24.00 MB reserved,      16.06 MB ( 67%) committed,  3 nodes.
      Class space:        1.00 GB reserved,       1.88 MB ( <1%) committed,  1 nodes.
             Both:        1.02 GB reserved,      17.94 MB (  2%) committed. 

Chunk freelists:
   Non-Class:  4.00 MB
       Class:  2.10 MB
        Both:  6.09 MB

MaxMetaspaceSize: unlimited
CompressedClassSpaceSize: 1.00 GB
Initial GC threshold: 21.00 MB
Current GC threshold: 21.00 MB
CDS: off
MetaspaceReclaimPolicy: balanced
 - commit_granule_bytes: 65536.
 - commit_granule_words: 8192.
 - virtual_space_node_default_size: 1048576.
 - enlarge_chunks_in_place: 1.
 - new_chunks_are_fully_committed: 0.
 - uncommit_free_chunks: 1.
 - use_allocation_guard: 0.
 - handle_deallocations: 1.


Internal statistics:

num_allocs_failed_limit: 0.
num_arena_births: 130.
num_arena_deaths: 0.
num_vsnodes_births: 4.
num_vsnodes_deaths: 0.
num_space_committed: 287.
num_space_uncommitted: 0.
num_chunks_returned_to_freelist: 0.
num_chunks_taken_from_freelist: 212.
num_chunk_merges: 0.
num_chunk_splits: 108.
num_chunks_enlarged: 58.
num_purges: 0.
num_inconsistent_stats: 0.

CodeHeap 'non-profiled nmethods': size=120000Kb used=680Kb max_used=680Kb free=119319Kb
 bounds [0x0000018da1340000, 0x0000018da15b0000, 0x0000018da8870000]
CodeHeap 'profiled nmethods': size=120000Kb used=3654Kb max_used=3654Kb free=116345Kb
 bounds [0x0000018d99870000, 0x0000018d99c10000, 0x0000018da0da0000]
CodeHeap 'non-nmethods': size=5760Kb used=1308Kb max_used=1374Kb free=4451Kb
 bounds [0x0000018da0da0000, 0x0000018da1010000, 0x0000018da1340000]
 total_blobs=2557 nmethods=1912 adapters=557
 compilation: enabled
              stopped_count=0, restarted_count=0
 full_count=0

Compilation events (20 events):
Event: 27.257 Thread 0x0000018db5894d20 nmethod 1903 0x0000018d99bf8190 code [0x0000018d99bf8320, 0x0000018d99bf8498]
Event: 27.257 Thread 0x0000018db5894d20 1904       3       java.awt.geom.Rectangle2D::intersects (85 bytes)
Event: 27.257 Thread 0x0000018db5894d20 nmethod 1904 0x0000018d99bf8510 code [0x0000018d99bf8700, 0x0000018d99bf8f08]
Event: 27.258 Thread 0x0000018db5894d20 1905       3       sun.awt.SunToolkit::isInstanceOf (21 bytes)
Event: 27.258 Thread 0x0000018db5894d20 nmethod 1905 0x0000018d99bf9090 code [0x0000018d99bf9240, 0x0000018d99bf9468]
Event: 27.261 Thread 0x0000018db5894d20 1906       3       javax.swing.UIManager::get (8 bytes)
Event: 27.261 Thread 0x0000018db5894d20 nmethod 1906 0x0000018d99bf9510 code [0x0000018d99bf96e0, 0x0000018d99bf98e8]
Event: 27.266 Thread 0x0000018db5894d20 1907       3       java.awt.geom.AffineTransform::isIdentity (20 bytes)
Event: 27.266 Thread 0x0000018db5894d20 nmethod 1907 0x0000018d99bf9a10 code [0x0000018d99bf9bc0, 0x0000018d99bf9e48]
Event: 27.267 Thread 0x0000018db5894d20 1908       1       javax.swing.AbstractButton::isFocusPainted (5 bytes)
Event: 27.267 Thread 0x0000018db5894d20 nmethod 1908 0x0000018da13e7290 code [0x0000018da13e7420, 0x0000018da13e74f8]
Event: 27.267 Thread 0x0000018db5894d20 1909   !   3       javax.swing.JComponent::paintChildren (691 bytes)
Event: 27.272 Thread 0x0000018db5894d20 nmethod 1909 0x0000018d99bf9f10 code [0x0000018d99bfa600, 0x0000018d99bff668]
Event: 27.468 Thread 0x0000018db5894330 1910       4       java.awt.event.InvocationEvent::<init> (52 bytes)
Event: 27.477 Thread 0x0000018db5894330 nmethod 1910 0x0000018da13e7590 code [0x0000018da13e7740, 0x0000018da13e83d8]
Event: 27.505 Thread 0x0000018db5894330 1911       4       java.awt.event.InvocationEvent::<init> (13 bytes)
Event: 27.505 Thread 0x0000018db5894330 nmethod 1911 0x0000018da13e8910 code [0x0000018da13e8aa0, 0x0000018da13e8b48]
Event: 27.518 Thread 0x0000018db5894330 1912       4       sun.awt.windows.WComponentPeer::postEvent (17 bytes)
Event: 27.526 Thread 0x0000018db5894330 nmethod 1912 0x0000018da13e8c10 code [0x0000018da13e8e40, 0x0000018da13e99f0]
Event: 27.595 Thread 0x0000018db5894330 1913       4       java.awt.Component::dispatchEventImpl (777 bytes)

GC Heap History (0 events):
No events

Dll operation events (9 events):
Event: 0.005 Loaded shared library C:\Users\liamc\.p2\pool\plugins\org.eclipse.justj.openjdk.hotspot.jre.full.win32.x86_64_17.0.6.v20230204-1729\jre\bin\java.dll
Event: 0.109 Loaded shared library C:\Users\liamc\.p2\pool\plugins\org.eclipse.justj.openjdk.hotspot.jre.full.win32.x86_64_17.0.6.v20230204-1729\jre\bin\jimage.dll
Event: 0.119 Loaded shared library C:\Users\liamc\.p2\pool\plugins\org.eclipse.justj.openjdk.hotspot.jre.full.win32.x86_64_17.0.6.v20230204-1729\jre\bin\net.dll
Event: 0.120 Loaded shared library C:\Users\liamc\.p2\pool\plugins\org.eclipse.justj.openjdk.hotspot.jre.full.win32.x86_64_17.0.6.v20230204-1729\jre\bin\nio.dll
Event: 0.125 Loaded shared library C:\Users\liamc\.p2\pool\plugins\org.eclipse.justj.openjdk.hotspot.jre.full.win32.x86_64_17.0.6.v20230204-1729\jre\bin\zip.dll
Event: 0.153 Loaded shared library C:\Users\liamc\.p2\pool\plugins\org.eclipse.justj.openjdk.hotspot.jre.full.win32.x86_64_17.0.6.v20230204-1729\jre\bin\awt.dll
Event: 0.478 Loaded shared library C:\Users\liamc\.p2\pool\plugins\org.eclipse.justj.openjdk.hotspot.jre.full.win32.x86_64_17.0.6.v20230204-1729\jre\bin\freetype.dll
Event: 0.479 Loaded shared library C:\Users\liamc\.p2\pool\plugins\org.eclipse.justj.openjdk.hotspot.jre.full.win32.x86_64_17.0.6.v20230204-1729\jre\bin\fontmanager.dll
Event: 1.311 Loaded shared library C:\Users\liamc\.p2\pool\plugins\org.eclipse.justj.openjdk.hotspot.jre.full.win32.x86_64_17.0.6.v20230204-1729\jre\bin\javajpeg.dll

Deoptimization events (20 events):
Event: 0.886 Thread 0x0000018dbcd9dc90 Uncommon trap: trap_request=0xffffffde fr.pc=0x0000018da135dab4 relative=0x00000000000001b4
Event: 0.886 Thread 0x0000018dbcd9dc90 Uncommon trap: reason=class_check action=maybe_recompile pc=0x0000018da135dab4 method=java.lang.String.equals(Ljava/lang/Object;)Z @ 8 c2
Event: 0.886 Thread 0x0000018dbcd9dc90 DEOPT PACKING pc=0x0000018da135dab4 sp=0x0000006e8a64e650
Event: 0.886 Thread 0x0000018dbcd9dc90 DEOPT UNPACKING pc=0x0000018da0df69a3 sp=0x0000006e8a64e5f8 mode 2
Event: 0.890 Thread 0x0000018dbcd9dc90 Uncommon trap: trap_request=0xffffffde fr.pc=0x0000018da135dab4 relative=0x00000000000001b4
Event: 0.890 Thread 0x0000018dbcd9dc90 Uncommon trap: reason=class_check action=maybe_recompile pc=0x0000018da135dab4 method=java.lang.String.equals(Ljava/lang/Object;)Z @ 8 c2
Event: 0.890 Thread 0x0000018dbcd9dc90 DEOPT PACKING pc=0x0000018da135dab4 sp=0x0000006e8a64e650
Event: 0.890 Thread 0x0000018dbcd9dc90 DEOPT UNPACKING pc=0x0000018da0df69a3 sp=0x0000006e8a64e5f8 mode 2
Event: 0.890 Thread 0x0000018dbcd9dc90 Uncommon trap: trap_request=0xffffffde fr.pc=0x0000018da135dab4 relative=0x00000000000001b4
Event: 0.890 Thread 0x0000018dbcd9dc90 Uncommon trap: reason=class_check action=maybe_recompile pc=0x0000018da135dab4 method=java.lang.String.equals(Ljava/lang/Object;)Z @ 8 c2
Event: 0.890 Thread 0x0000018dbcd9dc90 DEOPT PACKING pc=0x0000018da135dab4 sp=0x0000006e8a64e650
Event: 0.890 Thread 0x0000018dbcd9dc90 DEOPT UNPACKING pc=0x0000018da0df69a3 sp=0x0000006e8a64e5f8 mode 2
Event: 1.309 Thread 0x0000018dbcce20e0 Uncommon trap: trap_request=0xffffff45 fr.pc=0x0000018da1384534 relative=0x0000000000000414
Event: 1.309 Thread 0x0000018dbcce20e0 Uncommon trap: reason=unstable_if action=reinterpret pc=0x0000018da1384534 method=java.lang.StringLatin1.newString([BII)Ljava/lang/String; @ 1 c2
Event: 1.309 Thread 0x0000018dbcce20e0 DEOPT PACKING pc=0x0000018da1384534 sp=0x0000006e8ac9ed70
Event: 1.309 Thread 0x0000018dbcce20e0 DEOPT UNPACKING pc=0x0000018da0df69a3 sp=0x0000006e8ac9ed50 mode 2
Event: 3.774 Thread 0x0000018db5e92940 Uncommon trap: trap_request=0xffffff45 fr.pc=0x0000018da13920fc relative=0x00000000000001dc
Event: 3.774 Thread 0x0000018db5e92940 Uncommon trap: reason=unstable_if action=reinterpret pc=0x0000018da13920fc method=java.util.concurrent.locks.AbstractQueuedSynchronizer.signalNext(Ljava/util/concurrent/locks/AbstractQueuedSynchronizer$Node;)V @ 17 c2
Event: 3.774 Thread 0x0000018db5e92940 DEOPT PACKING pc=0x0000018da13920fc sp=0x0000006e8a2fdb50
Event: 3.774 Thread 0x0000018db5e92940 DEOPT UNPACKING pc=0x0000018da0df69a3 sp=0x0000006e8a2fda48 mode 2

Classes unloaded (0 events):
No events

Classes redefined (0 events):
No events

Internal exceptions (16 events):
Event: 0.144 Thread 0x0000018d961aa000 Exception <a 'java/lang/ClassNotFoundException'{0x00000007109e5898}: sun/awt/resources/spi/awtProvider> (0x00000007109e5898) 
thrown [s\src\hotspot\share\classfile\systemDictionary.cpp, line 256]
Event: 0.170 Thread 0x0000018d961aa000 Exception <a 'java/io/FileNotFoundException'{0x0000000710640478}> (0x0000000710640478) 
thrown [s\src\hotspot\share\prims\jni.cpp, line 516]
Event: 0.175 Thread 0x0000018d961aa000 Exception <a 'java/io/FileNotFoundException'{0x000000071066d3f0}> (0x000000071066d3f0) 
thrown [s\src\hotspot\share\prims\jni.cpp, line 516]
Event: 0.210 Thread 0x0000018d961aa000 Exception <a 'java/lang/NoSuchMethodError'{0x00000007106ad9a8}: 'java.lang.Object java.lang.invoke.DirectMethodHandle$Holder.invokeStaticInit(java.lang.Object)'> (0x00000007106ad9a8) 
thrown [s\src\hotspot\share\interpreter\linkResolver.cpp, line 759]
Event: 0.405 Thread 0x0000018d961aa000 Exception <a 'java/lang/NoSuchMethodError'{0x0000000710769790}: 'void java.lang.invoke.DirectMethodHandle$Holder.invokeSpecial(java.lang.Object, java.lang.Object, java.lang.Object)'> (0x0000000710769790) 
thrown [s\src\hotspot\share\interpreter\linkResolver.cpp, line 759]
Event: 0.411 Thread 0x0000018d961aa000 Exception <a 'java/lang/NoSuchMethodError'{0x00000007107938e0}: 'java.lang.Object java.lang.invoke.DirectMethodHandle$Holder.newInvokeSpecial(java.lang.Object, java.lang.Object, java.lang.Object, java.lang.Object, java.lang.Object)'> (0x00000007107938e0) 
thrown [s\src\hotspot\share\interpreter\linkResolver.cpp, line 759]
Event: 0.413 Thread 0x0000018d961aa000 Exception <a 'java/lang/NoSuchMethodError'{0x000000071079f2a8}: 'java.lang.Object java.lang.invoke.DirectMethodHandle$Holder.invokeStatic(java.lang.Object, int, java.lang.Object, java.lang.Object, java.lang.Object, java.lang.Object)'> (0x000000071079f2a8) 
thrown [s\src\hotspot\share\interpreter\linkResolver.cpp, line 759]
Event: 0.416 Thread 0x0000018d961aa000 Exception <a 'java/lang/NoSuchMethodError'{0x00000007107c4cc8}: 'java.lang.Object java.lang.invoke.DirectMethodHandle$Holder.invokeStatic(java.lang.Object, int, java.lang.Object)'> (0x00000007107c4cc8) 
thrown [s\src\hotspot\share\interpreter\linkResolver.cpp, line 759]
Event: 0.435 Thread 0x0000018d961aa000 Exception <a 'java/lang/ClassNotFoundException'{0x000000071047cb80}: com/sun/swing/internal/plaf/metal/resources/spi/metalProvider> (0x000000071047cb80) 
thrown [s\src\hotspot\share\classfile\systemDictionary.cpp, line 256]
Event: 0.436 Thread 0x0000018d961aa000 Exception <a 'java/lang/ClassNotFoundException'{0x0000000710480a08}: com/sun/swing/internal/plaf/basic/resources/spi/basicProvider> (0x0000000710480a08) 
thrown [s\src\hotspot\share\classfile\systemDictionary.cpp, line 256]
Event: 0.540 Thread 0x0000018d961aa000 Exception <a 'java/lang/NoSuchMethodError'{0x00000007105d7c88}: 'void java.lang.invoke.DirectMethodHandle$Holder.invokeStaticInit(java.lang.Object)'> (0x00000007105d7c88) 
thrown [s\src\hotspot\share\interpreter\linkResolver.cpp, line 759]
Event: 0.586 Thread 0x0000018db5e92940 Exception <a 'java/lang/NoSuchMethodError'{0x00000007106f1aa8}: 'void java.lang.invoke.DirectMethodHandle$Holder.invokeVirtual(java.lang.Object, java.lang.Object)'> (0x00000007106f1aa8) 
thrown [s\src\hotspot\share\interpreter\linkResolver.cpp, line 759]
Event: 1.312 Thread 0x0000018dbcce20e0 Exception <a 'java/lang/NoSuchMethodError'{0x000000070fe153f0}: 'java.lang.Object java.lang.invoke.DirectMethodHandle$Holder.newInvokeSpecial(java.lang.Object, java.lang.Object, java.lang.Object, int, int, int, int, int)'> (0x000000070fe153f0) 
thrown [s\src\hotspot\share\interpreter\linkResolver.cpp, line 759]
Event: 3.200 Thread 0x0000018dbcd9dc90 Exception <a 'java/lang/NoSuchMethodError'{0x000000070fcbaab0}: 'int java.lang.invoke.DirectMethodHandle$Holder.invokeStatic(java.lang.Object)'> (0x000000070fcbaab0) 
thrown [s\src\hotspot\share\interpreter\linkResolver.cpp, line 759]
Event: 27.228 Thread 0x0000018dbcd9dc90 Exception <a 'java/lang/NoSuchMethodError'{0x000000070f713df8}: 'void java.lang.invoke.DirectMethodHandle$Holder.invokeStatic(java.lang.Object, java.lang.Object, java.lang.Object)'> (0x000000070f713df8) 
thrown [s\src\hotspot\share\interpreter\linkResolver.cpp, line 759]
Event: 27.228 Thread 0x0000018dbcd9dc90 Exception <a 'java/lang/NoSuchMethodError'{0x000000070f71a538}: 'void java.lang.invoke.DirectMethodHandle$Holder.invokeStatic(java.lang.Object, java.lang.Object)'> (0x000000070f71a538) 
thrown [s\src\hotspot\share\interpreter\linkResolver.cpp, line 759]

VM Operations (20 events):
Event: 5.206 Executing VM operation: Cleanup
Event: 5.207 Executing VM operation: Cleanup done
Event: 6.210 Executing VM operation: Cleanup
Event: 6.210 Executing VM operation: Cleanup done
Event: 7.225 Executing VM operation: Cleanup
Event: 7.225 Executing VM operation: Cleanup done
Event: 8.240 Executing VM operation: Cleanup
Event: 8.240 Executing VM operation: Cleanup done
Event: 9.253 Executing VM operation: Cleanup
Event: 9.254 Executing VM operation: Cleanup done
Event: 11.270 Executing VM operation: Cleanup
Event: 11.271 Executing VM operation: Cleanup done
Event: 15.321 Executing VM operation: Cleanup
Event: 15.321 Executing VM operation: Cleanup done
Event: 23.412 Executing VM operation: Cleanup
Event: 23.412 Executing VM operation: Cleanup done
Event: 24.412 Executing VM operation: Cleanup
Event: 24.412 Executing VM operation: Cleanup done
Event: 27.444 Executing VM operation: Cleanup
Event: 27.444 Executing VM operation: Cleanup done

Events (20 events):
Event: 3.201 loading class java/awt/WaitDispatchSupport$2 done
Event: 3.201 loading class java/awt/WaitDispatchSupport$4
Event: 3.201 loading class java/awt/WaitDispatchSupport$4 done
Event: 3.331 loading class javax/swing/Timer$1
Event: 3.331 loading class javax/swing/Timer$1 done
Event: 5.894 loading class java/security/DomainCombiner
Event: 5.894 loading class java/security/DomainCombiner done
Event: 7.328 loading class javax/swing/border/BevelBorder
Event: 7.328 loading class javax/swing/border/BevelBorder done
Event: 8.178 Thread 0x0000018dbcce20e0 Thread exited: 0x0000018dbcce20e0
Event: 25.853 loading class java/awt/Canvas
Event: 25.853 loading class java/awt/Canvas done
Event: 25.853 loading class java/awt/Scrollbar
Event: 25.853 loading class java/awt/Adjustable
Event: 25.853 loading class java/awt/Adjustable done
Event: 25.853 loading class java/awt/Scrollbar done
Event: 27.227 loading class javax/swing/border/TitledBorder
Event: 27.227 loading class javax/swing/border/TitledBorder done
Event: 27.228 loading class javax/swing/event/SwingPropertyChangeSupport
Event: 27.228 loading class javax/swing/event/SwingPropertyChangeSupport done


Dynamic libraries:
0x00007ff715ec0000 - 0x00007ff715ece000 	C:\Users\liamc\.p2\pool\plugins\org.eclipse.justj.openjdk.hotspot.jre.full.win32.x86_64_17.0.6.v20230204-1729\jre\bin\javaw.exe
0x00007ff866730000 - 0x00007ff866928000 	C:\Windows\SYSTEM32\ntdll.dll
0x00007ff864b30000 - 0x00007ff864bef000 	C:\Windows\System32\KERNEL32.DLL
0x00007ff864240000 - 0x00007ff864536000 	C:\Windows\System32\KERNELBASE.dll
0x00007ff864540000 - 0x00007ff864640000 	C:\Windows\System32\ucrtbase.dll
0x00007ff84d380000 - 0x00007ff84d399000 	C:\Users\liamc\.p2\pool\plugins\org.eclipse.justj.openjdk.hotspot.jre.full.win32.x86_64_17.0.6.v20230204-1729\jre\bin\VCRUNTIME140.dll
0x00007ff84d110000 - 0x00007ff84d127000 	C:\Users\liamc\.p2\pool\plugins\org.eclipse.justj.openjdk.hotspot.jre.full.win32.x86_64_17.0.6.v20230204-1729\jre\bin\jli.dll
0x00007ff8648e0000 - 0x00007ff864a7d000 	C:\Windows\System32\USER32.dll
0x00007ff852ed0000 - 0x00007ff85316a000 	C:\Windows\WinSxS\amd64_microsoft.windows.common-controls_6595b64144ccf1df_6.0.19041.1110_none_60b5254171f9507e\COMCTL32.dll
0x00007ff863e10000 - 0x00007ff863e32000 	C:\Windows\System32\win32u.dll
0x00007ff865110000 - 0x00007ff8651ae000 	C:\Windows\System32\msvcrt.dll
0x00007ff865760000 - 0x00007ff86578c000 	C:\Windows\System32\GDI32.dll
0x00007ff864670000 - 0x00007ff864785000 	C:\Windows\System32\gdi32full.dll
0x00007ff863fa0000 - 0x00007ff86403d000 	C:\Windows\System32\msvcp_win.dll
0x00007ff865790000 - 0x00007ff8657c0000 	C:\Windows\System32\IMM32.DLL
0x00007ff84ce30000 - 0x00007ff84ce3c000 	C:\Users\liamc\.p2\pool\plugins\org.eclipse.justj.openjdk.hotspot.jre.full.win32.x86_64_17.0.6.v20230204-1729\jre\bin\vcruntime140_1.dll
0x00007ff849bf0000 - 0x00007ff849c81000 	C:\Users\liamc\.p2\pool\plugins\org.eclipse.justj.openjdk.hotspot.jre.full.win32.x86_64_17.0.6.v20230204-1729\jre\bin\msvcp140.dll
0x00007ffff1a30000 - 0x00007ffff2677000 	C:\Users\liamc\.p2\pool\plugins\org.eclipse.justj.openjdk.hotspot.jre.full.win32.x86_64_17.0.6.v20230204-1729\jre\bin\server\jvm.dll
0x00007ff864a80000 - 0x00007ff864b2f000 	C:\Windows\System32\ADVAPI32.dll
0x00007ff866650000 - 0x00007ff8666ec000 	C:\Windows\System32\sechost.dll
0x00007ff8651b0000 - 0x00007ff8652d6000 	C:\Windows\System32\RPCRT4.dll
0x00007ff85d520000 - 0x00007ff85d52a000 	C:\Windows\SYSTEM32\VERSION.dll
0x00007ff858110000 - 0x00007ff858137000 	C:\Windows\SYSTEM32\WINMM.dll
0x00007ff859f20000 - 0x00007ff859f29000 	C:\Windows\SYSTEM32\WSOCK32.dll
0x00007ff865670000 - 0x00007ff8656db000 	C:\Windows\System32\WS2_32.dll
0x00007ff862680000 - 0x00007ff862692000 	C:\Windows\SYSTEM32\kernel.appcore.dll
0x00007ff859f10000 - 0x00007ff859f1a000 	C:\Users\liamc\.p2\pool\plugins\org.eclipse.justj.openjdk.hotspot.jre.full.win32.x86_64_17.0.6.v20230204-1729\jre\bin\jimage.dll
0x00007ff861b50000 - 0x00007ff861d34000 	C:\Windows\SYSTEM32\DBGHELP.DLL
0x00007ff855cc0000 - 0x00007ff855cf4000 	C:\Windows\SYSTEM32\dbgcore.DLL
0x00007ff864040000 - 0x00007ff8640c2000 	C:\Windows\System32\bcryptPrimitives.dll
0x00007ff84cf00000 - 0x00007ff84cf25000 	C:\Users\liamc\.p2\pool\plugins\org.eclipse.justj.openjdk.hotspot.jre.full.win32.x86_64_17.0.6.v20230204-1729\jre\bin\java.dll
0x00007ff859040000 - 0x00007ff859058000 	C:\Users\liamc\.p2\pool\plugins\org.eclipse.justj.openjdk.hotspot.jre.full.win32.x86_64_17.0.6.v20230204-1729\jre\bin\zip.dll
0x00007ff865f00000 - 0x00007ff866644000 	C:\Windows\System32\SHELL32.dll
0x00007ff861de0000 - 0x00007ff862573000 	C:\Windows\SYSTEM32\windows.storage.dll
0x00007ff865930000 - 0x00007ff865c84000 	C:\Windows\System32\combase.dll
0x00007ff863870000 - 0x00007ff86389e000 	C:\Windows\SYSTEM32\Wldp.dll
0x00007ff865c90000 - 0x00007ff865d3d000 	C:\Windows\System32\SHCORE.dll
0x00007ff864880000 - 0x00007ff8648d5000 	C:\Windows\System32\shlwapi.dll
0x00007ff863d50000 - 0x00007ff863d6f000 	C:\Windows\SYSTEM32\profapi.dll
0x00007ff856fd0000 - 0x00007ff856fe9000 	C:\Users\liamc\.p2\pool\plugins\org.eclipse.justj.openjdk.hotspot.jre.full.win32.x86_64_17.0.6.v20230204-1729\jre\bin\net.dll
0x00007ff85ca30000 - 0x00007ff85cb3a000 	C:\Windows\SYSTEM32\WINHTTP.dll
0x00007ff8635d0000 - 0x00007ff86363a000 	C:\Windows\system32\mswsock.dll
0x00007ff856f00000 - 0x00007ff856f15000 	C:\Users\liamc\.p2\pool\plugins\org.eclipse.justj.openjdk.hotspot.jre.full.win32.x86_64_17.0.6.v20230204-1729\jre\bin\nio.dll
0x00007ff80eb90000 - 0x00007ff80ed1e000 	C:\Users\liamc\.p2\pool\plugins\org.eclipse.justj.openjdk.hotspot.jre.full.win32.x86_64_17.0.6.v20230204-1729\jre\bin\awt.dll
0x00007ff8655a0000 - 0x00007ff86566d000 	C:\Windows\System32\OLEAUT32.dll
0x00007ff8612a0000 - 0x00007ff861331000 	C:\Windows\SYSTEM32\apphelp.dll
0x00007ff8617a0000 - 0x00007ff8617cf000 	C:\Windows\system32\DWMAPI.DLL
0x00007ff8613e0000 - 0x00007ff86147e000 	C:\Windows\system32\uxtheme.dll
0x00007ff819fa0000 - 0x00007ff81a0c5000 	C:\Windows\system32\opengl32.dll
0x00007ff819ce0000 - 0x00007ff819d0c000 	C:\Windows\SYSTEM32\GLU32.dll
0x00007ff865480000 - 0x00007ff865594000 	C:\Windows\System32\MSCTF.dll
0x00007ff865340000 - 0x00007ff86546a000 	C:\Windows\System32\ole32.dll
0x00007ff858c20000 - 0x00007ff858ded000 	C:\Windows\system32\d3d9.dll
0x00007ff8571f0000 - 0x00007ff8572ae000 	C:\Windows\System32\DriverStore\FileRepository\nv_dispi.inf_amd64_009debfbd2e1619b\nvldumdx.dll
0x00007ff863a00000 - 0x00007ff863a12000 	C:\Windows\SYSTEM32\msasn1.dll
0x00007ff85d290000 - 0x00007ff85d2c1000 	C:\Windows\SYSTEM32\cryptnet.dll
0x00007ff863e40000 - 0x00007ff863f9e000 	C:\Windows\System32\CRYPT32.dll
0x00007ff85d040000 - 0x00007ff85d188000 	C:\Windows\SYSTEM32\drvstore.dll
0x00007ff863bc0000 - 0x00007ff863bec000 	C:\Windows\SYSTEM32\devobj.dll
0x00007ff8641f0000 - 0x00007ff86423e000 	C:\Windows\System32\cfgmgr32.dll
0x00007ff8637e0000 - 0x00007ff8637ec000 	C:\Windows\SYSTEM32\cryptbase.dll
0x00007ff864180000 - 0x00007ff8641e7000 	C:\Windows\System32\WINTRUST.DLL
0x00007ff865830000 - 0x00007ff86584d000 	C:\Windows\System32\imagehlp.dll
0x00007ff8637c0000 - 0x00007ff8637d8000 	C:\Windows\SYSTEM32\CRYPTSP.dll
0x00007ff862e10000 - 0x00007ff862e44000 	C:\Windows\system32\rsaenh.dll
0x00007ff864640000 - 0x00007ff864667000 	C:\Windows\System32\bcrypt.dll
0x00007fffeec80000 - 0x00007ffff1289000 	C:\Windows\System32\DriverStore\FileRepository\nv_dispi.inf_amd64_009debfbd2e1619b\nvd3dumx.dll
0x00007ff81ac40000 - 0x00007ff81af0f000 	C:\Windows\system32\nvspcap64.dll
0x00007ff862fa0000 - 0x00007ff862fd3000 	C:\Windows\SYSTEM32\ntmarta.dll
0x00007ff8626a0000 - 0x00007ff8626c3000 	C:\Windows\SYSTEM32\gpapi.dll
0x00007ff8574b0000 - 0x00007ff8574eb000 	C:\Windows\SYSTEM32\dxcore.dll
0x00007ff845ec0000 - 0x00007ff845f46000 	C:\Users\liamc\.p2\pool\plugins\org.eclipse.justj.openjdk.hotspot.jre.full.win32.x86_64_17.0.6.v20230204-1729\jre\bin\freetype.dll
0x00007ff80ede0000 - 0x00007ff80eea5000 	C:\Users\liamc\.p2\pool\plugins\org.eclipse.justj.openjdk.hotspot.jre.full.win32.x86_64_17.0.6.v20230204-1729\jre\bin\fontmanager.dll
0x00007ff864bf0000 - 0x00007ff864c99000 	C:\Windows\System32\clbcatq.dll
0x00007ff85bf30000 - 0x00007ff85c0e4000 	C:\Windows\SYSTEM32\WindowsCodecs.dll
0x00007ff856da0000 - 0x00007ff856dde000 	C:\Windows\system32\dataexchange.dll
0x00007ff860620000 - 0x00007ff860803000 	C:\Windows\system32\dcomp.dll
0x00007ff85f6d0000 - 0x00007ff85f933000 	C:\Windows\system32\d3d11.dll
0x00007ff8626d0000 - 0x00007ff8627c3000 	C:\Windows\system32\dxgi.dll
0x00007ff85c4d0000 - 0x00007ff85c6d0000 	C:\Windows\system32\twinapi.appcore.dll
0x00007ff8584b0000 - 0x00007ff8585aa000 	C:\Windows\SYSTEM32\textinputframework.dll
0x00007ff860bc0000 - 0x00007ff860f1e000 	C:\Windows\System32\CoreUIComponents.dll
0x00007ff860f20000 - 0x00007ff861012000 	C:\Windows\System32\CoreMessaging.dll
0x00007ff860360000 - 0x00007ff8604b4000 	C:\Windows\SYSTEM32\wintypes.dll
0x00007ff84cc70000 - 0x00007ff84cc9d000 	C:\Users\liamc\.p2\pool\plugins\org.eclipse.justj.openjdk.hotspot.jre.full.win32.x86_64_17.0.6.v20230204-1729\jre\bin\javajpeg.dll

dbghelp: loaded successfully - version: 4.0.5 - missing functions: none
symbol engine: initialized successfully - sym options: 0x614 - pdb path: .;C:\Users\liamc\.p2\pool\plugins\org.eclipse.justj.openjdk.hotspot.jre.full.win32.x86_64_17.0.6.v20230204-1729\jre\bin;C:\Windows\SYSTEM32;C:\Windows\WinSxS\amd64_microsoft.windows.common-controls_6595b64144ccf1df_6.0.19041.1110_none_60b5254171f9507e;C:\Users\liamc\.p2\pool\plugins\org.eclipse.justj.openjdk.hotspot.jre.full.win32.x86_64_17.0.6.v20230204-1729\jre\bin\server;C:\Windows\System32\DriverStore\FileRepository\nv_dispi.inf_amd64_009debfbd2e1619b

VM Arguments:
jvm_args: -Dfile.encoding=UTF-8 -XX:+ShowCodeDetailsInExceptionMessages 
java_command: rugby.GameEnviroment
java_class_path (initial): C:\Users\liamc\OneDrive\Desktop\seng_201\seng201\bin;C:\Users\liamc\OneDrive\Desktop\seng_201\seng201\jgoodies-forms-1.8.0.jar;C:\Users\liamc\OneDrive\Desktop\seng_201\seng201\miglayout15-swing.jar
Launcher Type: SUN_STANDARD

[Global flags]
     intx CICompilerCount                          = 4                                         {product} {ergonomic}
     uint ConcGCThreads                            = 2                                         {product} {ergonomic}
     uint G1ConcRefinementThreads                  = 8                                         {product} {ergonomic}
   size_t G1HeapRegionSize                         = 2097152                                   {product} {ergonomic}
    uintx GCDrainStackTargetSize                   = 64                                        {product} {ergonomic}
   size_t InitialHeapSize                          = 268435456                                 {product} {ergonomic}
   size_t MarkStackSize                            = 4194304                                   {product} {ergonomic}
   size_t MaxHeapSize                              = 4284481536                                {product} {ergonomic}
   size_t MaxNewSize                               = 2569011200                                {product} {ergonomic}
   size_t MinHeapDeltaBytes                        = 2097152                                   {product} {ergonomic}
   size_t MinHeapSize                              = 8388608                                   {product} {ergonomic}
    uintx NonNMethodCodeHeapSize                   = 5839372                                {pd product} {ergonomic}
    uintx NonProfiledCodeHeapSize                  = 122909434                              {pd product} {ergonomic}
    uintx ProfiledCodeHeapSize                     = 122909434                              {pd product} {ergonomic}
    uintx ReservedCodeCacheSize                    = 251658240                              {pd product} {ergonomic}
     bool SegmentedCodeCache                       = true                                      {product} {ergonomic}
     bool ShowCodeDetailsInExceptionMessages       = true                                   {manageable} {command line}
   size_t SoftMaxHeapSize                          = 4284481536                             {manageable} {ergonomic}
     bool UseCompressedClassPointers               = true                           {product lp64_product} {ergonomic}
     bool UseCompressedOops                        = true                           {product lp64_product} {ergonomic}
     bool UseG1GC                                  = true                                      {product} {ergonomic}
     bool UseLargePagesIndividualAllocation        = false                                  {pd product} {ergonomic}

Logging:
Log output configuration:
 #0: stdout all=warning uptime,level,tags
 #1: stderr all=off uptime,level,tags

Environment Variables:
PATH=C:/Users/liamc/.p2/pool/plugins/org.eclipse.justj.openjdk.hotspot.jre.full.win32.x86_64_17.0.6.v20230204-1729/jre/bin/server;C:/Users/liamc/.p2/pool/plugins/org.eclipse.justj.openjdk.hotspot.jre.full.win32.x86_64_17.0.6.v20230204-1729/jre/bin;C:\Program Files (x86)\Common Files\Oracle\Java\javapath;C:\Program Files (x86)\Razer Chroma SDK\bin;C:\Program Files\Razer Chroma SDK\bin;C:\Program Files (x86)\Razer\ChromaBroadcast\bin;C:\Program Files\Razer\ChromaBroadcast\bin;C:\Windows\system32;C:\Windows;C:\Windows\System32\Wbem;C:\Windows\System32\WindowsPowerShell\v1.0\;C:\Windows\System32\OpenSSH\;C:\Program Files\NVIDIA Corporation\NVIDIA NvDLISR;C:\Program Files (x86)\NVIDIA Corporation\PhysX\Common;C:\Windows\system32\config\systemprofile\AppData\Local\Microsoft\WindowsApps;C:\Users\liamc\AppData\Local\Microsoft\WindowsApps;C:\Users\liamc\AppData\Local\atom\bin;C:\Program Files\Git\cmd;C:\Users\liamc\AppData\Local\Microsoft\WindowsApps;C:\Users\liamc\AppData\Local\atom\bin;C:\Users\liamc\AppData\Local\Programs\Microsoft VS Code\bin;C:\Windows\System32;
USERNAME=liamc
OS=Windows_NT
PROCESSOR_IDENTIFIER=Intel64 Family 6 Model 158 Stepping 9, GenuineIntel
TMP=C:\Users\liamc\AppData\Local\Temp
TEMP=C:\Users\liamc\AppData\Local\Temp



---------------  S Y S T E M  ---------------

OS:
 Windows 10 , 64 bit Build 19041 (10.0.19041.2913)
OS uptime: 1 days 19:58 hours

CPU: total 8 (initial active 8) (4 cores per cpu, 2 threads per core) family 6 model 158 stepping 9 microcode 0xb4, cx8, cmov, fxsr, ht, mmx, 3dnowpref, sse, sse2, sse3, ssse3, sse4.1, sse4.2, popcnt, lzcnt, tsc, tscinvbit, avx, avx2, aes, erms, clmul, bmi1, bmi2, rtm, adx, fma, vzeroupper, clflush, clflushopt

Memory: 4k page, system-wide physical 16340M (4017M free)
TotalPageFile size 65492M (AvailPageFile size 4M)
current process WorkingSet (physical memory assigned to process): 118M, peak: 120M
current process commit charge ("private bytes"): 411M, peak: 413M

vm_info: OpenJDK 64-Bit Server VM (17.0.6+10) for windows-amd64 JRE (17.0.6+10), built on Jan 18 2023 10:08:59 by "temurin" with MS VC++ 16.7 (VS2019)

END.
