#
# There is insufficient memory for the Java Runtime Environment to continue.
# Native memory allocation (mmap) failed to map 65536 bytes for Failed to commit metaspace.
# Possible reasons:
#   The system is out of physical RAM or swap space
#   The process is running with CompressedOops enabled, and the Java Heap may be blocking the growth of the native heap
# Possible solutions:
#   Reduce memory load on the system
#   Increase physical memory or swap space
#   Check if swap backing store is full
#   Decrease Java heap size (-Xmx/-Xms)
#   Decrease number of Java threads
#   Decrease Java thread stack sizes (-Xss)
#   Set larger code cache with -XX:ReservedCodeCacheSize=
#   JVM is running with Unscaled Compressed Oops mode in which the Java heap is
#     placed in the first 4GB address space. The Java Heap base address is the
#     maximum limit for the native heap growth. Please use -XX:HeapBaseMinAddress
#     to set the Java Heap base and to place the Java Heap above 4GB virtual address.
# This output file may be truncated or incomplete.
#
#  Out of Memory Error (virtualSpaceNode.cpp:110), pid=6768, tid=4736
#
# JRE version: OpenJDK Runtime Environment Temurin-17.0.6+10 (17.0.6+10) (build 17.0.6+10)
# Java VM: OpenJDK 64-Bit Server VM Temurin-17.0.6+10 (17.0.6+10, mixed mode, tiered, compressed oops, compressed class ptrs, g1 gc, windows-amd64)
# No core dump will be written. Minidumps are not enabled by default on client versions of Windows
#

---------------  S U M M A R Y ------------

Command Line: -Dfile.encoding=UTF-8 -XX:+ShowCodeDetailsInExceptionMessages rugby.GameEnviroment

Host: Intel(R) Core(TM) i5-6500 CPU @ 3.20GHz, 4 cores, 7G,  Windows 10 , 64 bit Build 18362 (10.0.18362.1500)
Time: Fri May 12 22:56:41 2023 New Zealand Standard Time elapsed time: 0.413057 seconds (0d 0h 0m 0s)

---------------  T H R E A D  ---------------

Current thread (0x0000022133222d20):  JavaThread "main" [_thread_in_vm, id=4736, stack(0x0000009fae300000,0x0000009fae400000)]

Stack: [0x0000009fae300000,0x0000009fae400000]
Native frames: (J=compiled Java code, j=interpreted, Vv=VM code, C=native code)
V  [jvm.dll+0x67741a]
V  [jvm.dll+0x834434]
V  [jvm.dll+0x835bde]
V  [jvm.dll+0x836243]
V  [jvm.dll+0x2457b5]
V  [jvm.dll+0x8304cb]
V  [jvm.dll+0x61bca6]
V  [jvm.dll+0x61bd0a]
V  [jvm.dll+0x61e52a]
V  [jvm.dll+0x61c646]
V  [jvm.dll+0x23b256]
V  [jvm.dll+0x1eae0d]
V  [jvm.dll+0x1e0841]
V  [jvm.dll+0x53c6d0]
V  [jvm.dll+0x1f1017]
V  [jvm.dll+0x7aea1b]
V  [jvm.dll+0x7afdc2]
V  [jvm.dll+0x412dc5]
C  [java.dll+0x1a55]

Java frames: (J=compiled Java code, j=interpreted, Vv=VM code)
j  java.lang.ClassLoader.findBootstrapClass(Ljava/lang/String;)Ljava/lang/Class;+0 java.base@17.0.6
j  java.lang.ClassLoader.findBootstrapClassOrNull(Ljava/lang/String;)Ljava/lang/Class;+10 java.base@17.0.6
j  java.lang.System$2.findBootstrapClassOrNull(Ljava/lang/String;)Ljava/lang/Class;+1 java.base@17.0.6
j  jdk.internal.loader.ClassLoaders$BootClassLoader.loadClassOrNull(Ljava/lang/String;Z)Ljava/lang/Class;+4 java.base@17.0.6
j  jdk.internal.loader.BuiltinClassLoader.loadClassOrNull(Ljava/lang/String;)Ljava/lang/Class;+3 java.base@17.0.6
j  jdk.internal.loader.BuiltinClassLoader.loadClassOrNull(Ljava/lang/String;Z)Ljava/lang/Class;+66 java.base@17.0.6
j  jdk.internal.loader.BuiltinClassLoader.loadClass(Ljava/lang/String;Z)Ljava/lang/Class;+3 java.base@17.0.6
j  jdk.internal.loader.ClassLoaders$AppClassLoader.loadClass(Ljava/lang/String;Z)Ljava/lang/Class;+36 java.base@17.0.6
j  java.lang.ClassLoader.loadClass(Ljava/lang/String;)Ljava/lang/Class;+3 java.base@17.0.6
v  ~StubRoutines::call_stub
j  java.lang.Class.forName0(Ljava/lang/String;ZLjava/lang/ClassLoader;Ljava/lang/Class;)Ljava/lang/Class;+0 java.base@17.0.6
j  java.lang.Class.forName(Ljava/lang/String;ZLjava/lang/ClassLoader;)Ljava/lang/Class;+43 java.base@17.0.6
j  javax.swing.SwingUtilities.loadSystemClass(Ljava/lang/String;)Ljava/lang/Class;+12 java.desktop@17.0.6
j  javax.swing.UIDefaults.getUIClass(Ljava/lang/String;Ljava/lang/ClassLoader;)Ljava/lang/Class;+37 java.desktop@17.0.6
j  javax.swing.UIDefaults.getUI(Ljavax/swing/JComponent;)Ljavax/swing/plaf/ComponentUI;+32 java.desktop@17.0.6
j  javax.swing.UIManager.getUI(Ljavax/swing/JComponent;)Ljavax/swing/plaf/ComponentUI;+37 java.desktop@17.0.6
j  javax.swing.JButton.updateUI()V+2 java.desktop@17.0.6
j  javax.swing.AbstractButton.init(Ljava/lang/String;Ljavax/swing/Icon;)V+19 java.desktop@17.0.6
j  javax.swing.JButton.<init>(Ljava/lang/String;Ljavax/swing/Icon;)V+18 java.desktop@17.0.6
j  javax.swing.JButton.<init>(Ljava/lang/String;)V+3 java.desktop@17.0.6
j  rugby.SetupScreen.initialize()V+55
j  rugby.SetupScreen.<init>(Lrugby/GameEnviroment;)V+21
j  rugby.GameEnviroment.launchSetupScreen()V+5
j  rugby.GameEnviroment.main([Ljava/lang/String;)V+9
v  ~StubRoutines::call_stub

---------------  P R O C E S S  ---------------

Threads class SMR info:
_java_thread_list=0x000002214d64d660, length=15, elements={
0x0000022133222d20, 0x000002214c9b7610, 0x000002214d4013d0, 0x000002214c9b8490,
0x000002214c9bbf60, 0x000002214c9be920, 0x000002214d42b400, 0x000002214d42f5a0,
0x000002214d430650, 0x000002214d431040, 0x000002214d5977d0, 0x000002214d5b3950,
0x000002214d89f330, 0x000002214d89f800, 0x000002214d884e50
}

Java Threads: ( => current thread )
=>0x0000022133222d20 JavaThread "main" [_thread_in_vm, id=4736, stack(0x0000009fae300000,0x0000009fae400000)]
  0x000002214c9b7610 JavaThread "Reference Handler" daemon [_thread_blocked, id=13520, stack(0x0000009faea00000,0x0000009faeb00000)]
  0x000002214d4013d0 JavaThread "Finalizer" daemon [_thread_blocked, id=19304, stack(0x0000009faeb00000,0x0000009faec00000)]
  0x000002214c9b8490 JavaThread "Signal Dispatcher" daemon [_thread_blocked, id=21912, stack(0x0000009faec00000,0x0000009faed00000)]
  0x000002214c9bbf60 JavaThread "Attach Listener" daemon [_thread_blocked, id=16868, stack(0x0000009faed00000,0x0000009faee00000)]
  0x000002214c9be920 JavaThread "Service Thread" daemon [_thread_blocked, id=8732, stack(0x0000009faee00000,0x0000009faef00000)]
  0x000002214d42b400 JavaThread "Monitor Deflation Thread" daemon [_thread_blocked, id=4456, stack(0x0000009faef00000,0x0000009faf000000)]
  0x000002214d42f5a0 JavaThread "C2 CompilerThread0" daemon [_thread_blocked, id=3828, stack(0x0000009faf000000,0x0000009faf100000)]
  0x000002214d430650 JavaThread "C1 CompilerThread0" daemon [_thread_blocked, id=5688, stack(0x0000009faf100000,0x0000009faf200000)]
  0x000002214d431040 JavaThread "Sweeper thread" daemon [_thread_blocked, id=3444, stack(0x0000009faf200000,0x0000009faf300000)]
  0x000002214d5977d0 JavaThread "Notification Thread" daemon [_thread_blocked, id=17504, stack(0x0000009faf300000,0x0000009faf400000)]
  0x000002214d5b3950 JavaThread "Common-Cleaner" daemon [_thread_blocked, id=18648, stack(0x0000009faf500000,0x0000009faf600000)]
  0x000002214d89f330 JavaThread "Java2D Disposer" daemon [_thread_blocked, id=21212, stack(0x0000009faf600000,0x0000009faf700000)]
  0x000002214d89f800 JavaThread "AWT-Shutdown" [_thread_blocked, id=18604, stack(0x0000009faf700000,0x0000009faf800000)]
  0x000002214d884e50 JavaThread "AWT-Windows" daemon [_thread_in_native, id=22664, stack(0x0000009faf800000,0x0000009faf900000)]

Other Threads:
  0x000002214c9a27b0 VMThread "VM Thread" [stack: 0x0000009fae900000,0x0000009faea00000] [id=4888]
  0x000002214d59bcb0 WatcherThread [stack: 0x0000009faf400000,0x0000009faf500000] [id=7048]
  0x000002213327e8b0 GCTaskThread "GC Thread#0" [stack: 0x0000009fae400000,0x0000009fae500000] [id=1076]
  0x000002213328f6b0 ConcurrentGCThread "G1 Main Marker" [stack: 0x0000009fae500000,0x0000009fae600000] [id=21768]
  0x0000022133294870 ConcurrentGCThread "G1 Conc#0" [stack: 0x0000009fae600000,0x0000009fae700000] [id=5160]
  0x000002214c7f20c0 ConcurrentGCThread "G1 Refine#0" [stack: 0x0000009fae700000,0x0000009fae800000] [id=16644]
  0x000002214c7f3990 ConcurrentGCThread "G1 Service" [stack: 0x0000009fae800000,0x0000009fae900000] [id=16492]

Threads with active compile tasks:

VM state: not at safepoint (normal execution)

VM Mutex/Monitor currently owned by a thread:  ([mutex/lock_event])
[0x00000221332202d0] Metaspace_lock - owner thread: 0x0000022133222d20

Heap address: 0x0000000080a00000, size: 2038 MB, Compressed Oops mode: 32-bit

CDS archive(s) not mapped
Compressed class space mapped at: 0x0000000100000000-0x0000000140000000, reserved size: 1073741824
Narrow klass base: 0x0000000000000000, Narrow klass shift: 3, Narrow klass range: 0x140000000

GC Precious Log:
 CPUs: 4 total, 4 available
 Memory: 8147M
 Large Page Support: Disabled
 NUMA Support: Disabled
 Compressed Oops: Enabled (32-bit)
 Heap Region Size: 1M
 Heap Min Capacity: 8M
 Heap Initial Capacity: 128M
 Heap Max Capacity: 2038M
 Pre-touch: Disabled
 Parallel Workers: 4
 Concurrent Workers: 1
 Concurrent Refinement Workers: 4
 Periodic GC: Disabled

Heap:
 garbage-first heap   total 131072K, used 3072K [0x0000000080a00000, 0x0000000100000000)
  region size 1024K, 4 young (4096K), 0 survivors (0K)
 Metaspace       used 10256K, committed 10368K, reserved 1064960K
  class space    used 973K, committed 1024K, reserved 1048576K

Heap Regions: E=young(eden), S=young(survivor), O=old, HS=humongous(starts), HC=humongous(continues), CS=collection set, F=free, OA=open archive, CA=closed archive, TAMS=top-at-mark-start (previous, next)
|   0|0x0000000080a00000, 0x0000000080a00000, 0x0000000080b00000|  0%| F|  |TAMS 0x0000000080a00000, 0x0000000080a00000| Untracked 
|   1|0x0000000080b00000, 0x0000000080b00000, 0x0000000080c00000|  0%| F|  |TAMS 0x0000000080b00000, 0x0000000080b00000| Untracked 
|   2|0x0000000080c00000, 0x0000000080c00000, 0x0000000080d00000|  0%| F|  |TAMS 0x0000000080c00000, 0x0000000080c00000| Untracked 
|   3|0x0000000080d00000, 0x0000000080d00000, 0x0000000080e00000|  0%| F|  |TAMS 0x0000000080d00000, 0x0000000080d00000| Untracked 
|   4|0x0000000080e00000, 0x0000000080e00000, 0x0000000080f00000|  0%| F|  |TAMS 0x0000000080e00000, 0x0000000080e00000| Untracked 
|   5|0x0000000080f00000, 0x0000000080f00000, 0x0000000081000000|  0%| F|  |TAMS 0x0000000080f00000, 0x0000000080f00000| Untracked 
|   6|0x0000000081000000, 0x0000000081000000, 0x0000000081100000|  0%| F|  |TAMS 0x0000000081000000, 0x0000000081000000| Untracked 
|   7|0x0000000081100000, 0x0000000081100000, 0x0000000081200000|  0%| F|  |TAMS 0x0000000081100000, 0x0000000081100000| Untracked 
|   8|0x0000000081200000, 0x0000000081200000, 0x0000000081300000|  0%| F|  |TAMS 0x0000000081200000, 0x0000000081200000| Untracked 
|   9|0x0000000081300000, 0x0000000081300000, 0x0000000081400000|  0%| F|  |TAMS 0x0000000081300000, 0x0000000081300000| Untracked 
|  10|0x0000000081400000, 0x0000000081400000, 0x0000000081500000|  0%| F|  |TAMS 0x0000000081400000, 0x0000000081400000| Untracked 
|  11|0x0000000081500000, 0x0000000081500000, 0x0000000081600000|  0%| F|  |TAMS 0x0000000081500000, 0x0000000081500000| Untracked 
|  12|0x0000000081600000, 0x0000000081600000, 0x0000000081700000|  0%| F|  |TAMS 0x0000000081600000, 0x0000000081600000| Untracked 
|  13|0x0000000081700000, 0x0000000081700000, 0x0000000081800000|  0%| F|  |TAMS 0x0000000081700000, 0x0000000081700000| Untracked 
|  14|0x0000000081800000, 0x0000000081800000, 0x0000000081900000|  0%| F|  |TAMS 0x0000000081800000, 0x0000000081800000| Untracked 
|  15|0x0000000081900000, 0x0000000081900000, 0x0000000081a00000|  0%| F|  |TAMS 0x0000000081900000, 0x0000000081900000| Untracked 
|  16|0x0000000081a00000, 0x0000000081a00000, 0x0000000081b00000|  0%| F|  |TAMS 0x0000000081a00000, 0x0000000081a00000| Untracked 
|  17|0x0000000081b00000, 0x0000000081b00000, 0x0000000081c00000|  0%| F|  |TAMS 0x0000000081b00000, 0x0000000081b00000| Untracked 
|  18|0x0000000081c00000, 0x0000000081c00000, 0x0000000081d00000|  0%| F|  |TAMS 0x0000000081c00000, 0x0000000081c00000| Untracked 
|  19|0x0000000081d00000, 0x0000000081d00000, 0x0000000081e00000|  0%| F|  |TAMS 0x0000000081d00000, 0x0000000081d00000| Untracked 
|  20|0x0000000081e00000, 0x0000000081e00000, 0x0000000081f00000|  0%| F|  |TAMS 0x0000000081e00000, 0x0000000081e00000| Untracked 
|  21|0x0000000081f00000, 0x0000000081f00000, 0x0000000082000000|  0%| F|  |TAMS 0x0000000081f00000, 0x0000000081f00000| Untracked 
|  22|0x0000000082000000, 0x0000000082000000, 0x0000000082100000|  0%| F|  |TAMS 0x0000000082000000, 0x0000000082000000| Untracked 
|  23|0x0000000082100000, 0x0000000082100000, 0x0000000082200000|  0%| F|  |TAMS 0x0000000082100000, 0x0000000082100000| Untracked 
|  24|0x0000000082200000, 0x0000000082200000, 0x0000000082300000|  0%| F|  |TAMS 0x0000000082200000, 0x0000000082200000| Untracked 
|  25|0x0000000082300000, 0x0000000082300000, 0x0000000082400000|  0%| F|  |TAMS 0x0000000082300000, 0x0000000082300000| Untracked 
|  26|0x0000000082400000, 0x0000000082400000, 0x0000000082500000|  0%| F|  |TAMS 0x0000000082400000, 0x0000000082400000| Untracked 
|  27|0x0000000082500000, 0x0000000082500000, 0x0000000082600000|  0%| F|  |TAMS 0x0000000082500000, 0x0000000082500000| Untracked 
|  28|0x0000000082600000, 0x0000000082600000, 0x0000000082700000|  0%| F|  |TAMS 0x0000000082600000, 0x0000000082600000| Untracked 
|  29|0x0000000082700000, 0x0000000082700000, 0x0000000082800000|  0%| F|  |TAMS 0x0000000082700000, 0x0000000082700000| Untracked 
|  30|0x0000000082800000, 0x0000000082800000, 0x0000000082900000|  0%| F|  |TAMS 0x0000000082800000, 0x0000000082800000| Untracked 
|  31|0x0000000082900000, 0x0000000082900000, 0x0000000082a00000|  0%| F|  |TAMS 0x0000000082900000, 0x0000000082900000| Untracked 
|  32|0x0000000082a00000, 0x0000000082a00000, 0x0000000082b00000|  0%| F|  |TAMS 0x0000000082a00000, 0x0000000082a00000| Untracked 
|  33|0x0000000082b00000, 0x0000000082b00000, 0x0000000082c00000|  0%| F|  |TAMS 0x0000000082b00000, 0x0000000082b00000| Untracked 
|  34|0x0000000082c00000, 0x0000000082c00000, 0x0000000082d00000|  0%| F|  |TAMS 0x0000000082c00000, 0x0000000082c00000| Untracked 
|  35|0x0000000082d00000, 0x0000000082d00000, 0x0000000082e00000|  0%| F|  |TAMS 0x0000000082d00000, 0x0000000082d00000| Untracked 
|  36|0x0000000082e00000, 0x0000000082e00000, 0x0000000082f00000|  0%| F|  |TAMS 0x0000000082e00000, 0x0000000082e00000| Untracked 
|  37|0x0000000082f00000, 0x0000000082f00000, 0x0000000083000000|  0%| F|  |TAMS 0x0000000082f00000, 0x0000000082f00000| Untracked 
|  38|0x0000000083000000, 0x0000000083000000, 0x0000000083100000|  0%| F|  |TAMS 0x0000000083000000, 0x0000000083000000| Untracked 
|  39|0x0000000083100000, 0x0000000083100000, 0x0000000083200000|  0%| F|  |TAMS 0x0000000083100000, 0x0000000083100000| Untracked 
|  40|0x0000000083200000, 0x0000000083200000, 0x0000000083300000|  0%| F|  |TAMS 0x0000000083200000, 0x0000000083200000| Untracked 
|  41|0x0000000083300000, 0x0000000083300000, 0x0000000083400000|  0%| F|  |TAMS 0x0000000083300000, 0x0000000083300000| Untracked 
|  42|0x0000000083400000, 0x0000000083400000, 0x0000000083500000|  0%| F|  |TAMS 0x0000000083400000, 0x0000000083400000| Untracked 
|  43|0x0000000083500000, 0x0000000083500000, 0x0000000083600000|  0%| F|  |TAMS 0x0000000083500000, 0x0000000083500000| Untracked 
|  44|0x0000000083600000, 0x0000000083600000, 0x0000000083700000|  0%| F|  |TAMS 0x0000000083600000, 0x0000000083600000| Untracked 
|  45|0x0000000083700000, 0x0000000083700000, 0x0000000083800000|  0%| F|  |TAMS 0x0000000083700000, 0x0000000083700000| Untracked 
|  46|0x0000000083800000, 0x0000000083800000, 0x0000000083900000|  0%| F|  |TAMS 0x0000000083800000, 0x0000000083800000| Untracked 
|  47|0x0000000083900000, 0x0000000083900000, 0x0000000083a00000|  0%| F|  |TAMS 0x0000000083900000, 0x0000000083900000| Untracked 
|  48|0x0000000083a00000, 0x0000000083a00000, 0x0000000083b00000|  0%| F|  |TAMS 0x0000000083a00000, 0x0000000083a00000| Untracked 
|  49|0x0000000083b00000, 0x0000000083b00000, 0x0000000083c00000|  0%| F|  |TAMS 0x0000000083b00000, 0x0000000083b00000| Untracked 
|  50|0x0000000083c00000, 0x0000000083c00000, 0x0000000083d00000|  0%| F|  |TAMS 0x0000000083c00000, 0x0000000083c00000| Untracked 
|  51|0x0000000083d00000, 0x0000000083d00000, 0x0000000083e00000|  0%| F|  |TAMS 0x0000000083d00000, 0x0000000083d00000| Untracked 
|  52|0x0000000083e00000, 0x0000000083e00000, 0x0000000083f00000|  0%| F|  |TAMS 0x0000000083e00000, 0x0000000083e00000| Untracked 
|  53|0x0000000083f00000, 0x0000000083f00000, 0x0000000084000000|  0%| F|  |TAMS 0x0000000083f00000, 0x0000000083f00000| Untracked 
|  54|0x0000000084000000, 0x0000000084000000, 0x0000000084100000|  0%| F|  |TAMS 0x0000000084000000, 0x0000000084000000| Untracked 
|  55|0x0000000084100000, 0x0000000084100000, 0x0000000084200000|  0%| F|  |TAMS 0x0000000084100000, 0x0000000084100000| Untracked 
|  56|0x0000000084200000, 0x0000000084200000, 0x0000000084300000|  0%| F|  |TAMS 0x0000000084200000, 0x0000000084200000| Untracked 
|  57|0x0000000084300000, 0x0000000084300000, 0x0000000084400000|  0%| F|  |TAMS 0x0000000084300000, 0x0000000084300000| Untracked 
|  58|0x0000000084400000, 0x0000000084400000, 0x0000000084500000|  0%| F|  |TAMS 0x0000000084400000, 0x0000000084400000| Untracked 
|  59|0x0000000084500000, 0x0000000084500000, 0x0000000084600000|  0%| F|  |TAMS 0x0000000084500000, 0x0000000084500000| Untracked 
|  60|0x0000000084600000, 0x0000000084600000, 0x0000000084700000|  0%| F|  |TAMS 0x0000000084600000, 0x0000000084600000| Untracked 
|  61|0x0000000084700000, 0x0000000084700000, 0x0000000084800000|  0%| F|  |TAMS 0x0000000084700000, 0x0000000084700000| Untracked 
|  62|0x0000000084800000, 0x0000000084800000, 0x0000000084900000|  0%| F|  |TAMS 0x0000000084800000, 0x0000000084800000| Untracked 
|  63|0x0000000084900000, 0x0000000084900000, 0x0000000084a00000|  0%| F|  |TAMS 0x0000000084900000, 0x0000000084900000| Untracked 
|  64|0x0000000084a00000, 0x0000000084a00000, 0x0000000084b00000|  0%| F|  |TAMS 0x0000000084a00000, 0x0000000084a00000| Untracked 
|  65|0x0000000084b00000, 0x0000000084b00000, 0x0000000084c00000|  0%| F|  |TAMS 0x0000000084b00000, 0x0000000084b00000| Untracked 
|  66|0x0000000084c00000, 0x0000000084c00000, 0x0000000084d00000|  0%| F|  |TAMS 0x0000000084c00000, 0x0000000084c00000| Untracked 
|  67|0x0000000084d00000, 0x0000000084d00000, 0x0000000084e00000|  0%| F|  |TAMS 0x0000000084d00000, 0x0000000084d00000| Untracked 
|  68|0x0000000084e00000, 0x0000000084e00000, 0x0000000084f00000|  0%| F|  |TAMS 0x0000000084e00000, 0x0000000084e00000| Untracked 
|  69|0x0000000084f00000, 0x0000000084f00000, 0x0000000085000000|  0%| F|  |TAMS 0x0000000084f00000, 0x0000000084f00000| Untracked 
|  70|0x0000000085000000, 0x0000000085000000, 0x0000000085100000|  0%| F|  |TAMS 0x0000000085000000, 0x0000000085000000| Untracked 
|  71|0x0000000085100000, 0x0000000085100000, 0x0000000085200000|  0%| F|  |TAMS 0x0000000085100000, 0x0000000085100000| Untracked 
|  72|0x0000000085200000, 0x0000000085200000, 0x0000000085300000|  0%| F|  |TAMS 0x0000000085200000, 0x0000000085200000| Untracked 
|  73|0x0000000085300000, 0x0000000085300000, 0x0000000085400000|  0%| F|  |TAMS 0x0000000085300000, 0x0000000085300000| Untracked 
|  74|0x0000000085400000, 0x0000000085400000, 0x0000000085500000|  0%| F|  |TAMS 0x0000000085400000, 0x0000000085400000| Untracked 
|  75|0x0000000085500000, 0x0000000085500000, 0x0000000085600000|  0%| F|  |TAMS 0x0000000085500000, 0x0000000085500000| Untracked 
|  76|0x0000000085600000, 0x0000000085600000, 0x0000000085700000|  0%| F|  |TAMS 0x0000000085600000, 0x0000000085600000| Untracked 
|  77|0x0000000085700000, 0x0000000085700000, 0x0000000085800000|  0%| F|  |TAMS 0x0000000085700000, 0x0000000085700000| Untracked 
|  78|0x0000000085800000, 0x0000000085800000, 0x0000000085900000|  0%| F|  |TAMS 0x0000000085800000, 0x0000000085800000| Untracked 
|  79|0x0000000085900000, 0x0000000085900000, 0x0000000085a00000|  0%| F|  |TAMS 0x0000000085900000, 0x0000000085900000| Untracked 
|  80|0x0000000085a00000, 0x0000000085a00000, 0x0000000085b00000|  0%| F|  |TAMS 0x0000000085a00000, 0x0000000085a00000| Untracked 
|  81|0x0000000085b00000, 0x0000000085b00000, 0x0000000085c00000|  0%| F|  |TAMS 0x0000000085b00000, 0x0000000085b00000| Untracked 
|  82|0x0000000085c00000, 0x0000000085c00000, 0x0000000085d00000|  0%| F|  |TAMS 0x0000000085c00000, 0x0000000085c00000| Untracked 
|  83|0x0000000085d00000, 0x0000000085d00000, 0x0000000085e00000|  0%| F|  |TAMS 0x0000000085d00000, 0x0000000085d00000| Untracked 
|  84|0x0000000085e00000, 0x0000000085e00000, 0x0000000085f00000|  0%| F|  |TAMS 0x0000000085e00000, 0x0000000085e00000| Untracked 
|  85|0x0000000085f00000, 0x0000000085f00000, 0x0000000086000000|  0%| F|  |TAMS 0x0000000085f00000, 0x0000000085f00000| Untracked 
|  86|0x0000000086000000, 0x0000000086000000, 0x0000000086100000|  0%| F|  |TAMS 0x0000000086000000, 0x0000000086000000| Untracked 
|  87|0x0000000086100000, 0x0000000086100000, 0x0000000086200000|  0%| F|  |TAMS 0x0000000086100000, 0x0000000086100000| Untracked 
|  88|0x0000000086200000, 0x0000000086200000, 0x0000000086300000|  0%| F|  |TAMS 0x0000000086200000, 0x0000000086200000| Untracked 
|  89|0x0000000086300000, 0x0000000086300000, 0x0000000086400000|  0%| F|  |TAMS 0x0000000086300000, 0x0000000086300000| Untracked 
|  90|0x0000000086400000, 0x0000000086400000, 0x0000000086500000|  0%| F|  |TAMS 0x0000000086400000, 0x0000000086400000| Untracked 
|  91|0x0000000086500000, 0x0000000086500000, 0x0000000086600000|  0%| F|  |TAMS 0x0000000086500000, 0x0000000086500000| Untracked 
|  92|0x0000000086600000, 0x0000000086600000, 0x0000000086700000|  0%| F|  |TAMS 0x0000000086600000, 0x0000000086600000| Untracked 
|  93|0x0000000086700000, 0x0000000086700000, 0x0000000086800000|  0%| F|  |TAMS 0x0000000086700000, 0x0000000086700000| Untracked 
|  94|0x0000000086800000, 0x0000000086800000, 0x0000000086900000|  0%| F|  |TAMS 0x0000000086800000, 0x0000000086800000| Untracked 
|  95|0x0000000086900000, 0x0000000086900000, 0x0000000086a00000|  0%| F|  |TAMS 0x0000000086900000, 0x0000000086900000| Untracked 
|  96|0x0000000086a00000, 0x0000000086a00000, 0x0000000086b00000|  0%| F|  |TAMS 0x0000000086a00000, 0x0000000086a00000| Untracked 
|  97|0x0000000086b00000, 0x0000000086b00000, 0x0000000086c00000|  0%| F|  |TAMS 0x0000000086b00000, 0x0000000086b00000| Untracked 
|  98|0x0000000086c00000, 0x0000000086c00000, 0x0000000086d00000|  0%| F|  |TAMS 0x0000000086c00000, 0x0000000086c00000| Untracked 
|  99|0x0000000086d00000, 0x0000000086d00000, 0x0000000086e00000|  0%| F|  |TAMS 0x0000000086d00000, 0x0000000086d00000| Untracked 
| 100|0x0000000086e00000, 0x0000000086e00000, 0x0000000086f00000|  0%| F|  |TAMS 0x0000000086e00000, 0x0000000086e00000| Untracked 
| 101|0x0000000086f00000, 0x0000000086f00000, 0x0000000087000000|  0%| F|  |TAMS 0x0000000086f00000, 0x0000000086f00000| Untracked 
| 102|0x0000000087000000, 0x0000000087000000, 0x0000000087100000|  0%| F|  |TAMS 0x0000000087000000, 0x0000000087000000| Untracked 
| 103|0x0000000087100000, 0x0000000087100000, 0x0000000087200000|  0%| F|  |TAMS 0x0000000087100000, 0x0000000087100000| Untracked 
| 104|0x0000000087200000, 0x0000000087200000, 0x0000000087300000|  0%| F|  |TAMS 0x0000000087200000, 0x0000000087200000| Untracked 
| 105|0x0000000087300000, 0x0000000087300000, 0x0000000087400000|  0%| F|  |TAMS 0x0000000087300000, 0x0000000087300000| Untracked 
| 106|0x0000000087400000, 0x0000000087400000, 0x0000000087500000|  0%| F|  |TAMS 0x0000000087400000, 0x0000000087400000| Untracked 
| 107|0x0000000087500000, 0x0000000087500000, 0x0000000087600000|  0%| F|  |TAMS 0x0000000087500000, 0x0000000087500000| Untracked 
| 108|0x0000000087600000, 0x0000000087600000, 0x0000000087700000|  0%| F|  |TAMS 0x0000000087600000, 0x0000000087600000| Untracked 
| 109|0x0000000087700000, 0x0000000087700000, 0x0000000087800000|  0%| F|  |TAMS 0x0000000087700000, 0x0000000087700000| Untracked 
| 110|0x0000000087800000, 0x0000000087800000, 0x0000000087900000|  0%| F|  |TAMS 0x0000000087800000, 0x0000000087800000| Untracked 
| 111|0x0000000087900000, 0x0000000087900000, 0x0000000087a00000|  0%| F|  |TAMS 0x0000000087900000, 0x0000000087900000| Untracked 
| 112|0x0000000087a00000, 0x0000000087a00000, 0x0000000087b00000|  0%| F|  |TAMS 0x0000000087a00000, 0x0000000087a00000| Untracked 
| 113|0x0000000087b00000, 0x0000000087b00000, 0x0000000087c00000|  0%| F|  |TAMS 0x0000000087b00000, 0x0000000087b00000| Untracked 
| 114|0x0000000087c00000, 0x0000000087c00000, 0x0000000087d00000|  0%| F|  |TAMS 0x0000000087c00000, 0x0000000087c00000| Untracked 
| 115|0x0000000087d00000, 0x0000000087d00000, 0x0000000087e00000|  0%| F|  |TAMS 0x0000000087d00000, 0x0000000087d00000| Untracked 
| 116|0x0000000087e00000, 0x0000000087e00000, 0x0000000087f00000|  0%| F|  |TAMS 0x0000000087e00000, 0x0000000087e00000| Untracked 
| 117|0x0000000087f00000, 0x0000000087f00000, 0x0000000088000000|  0%| F|  |TAMS 0x0000000087f00000, 0x0000000087f00000| Untracked 
| 118|0x0000000088000000, 0x0000000088000000, 0x0000000088100000|  0%| F|  |TAMS 0x0000000088000000, 0x0000000088000000| Untracked 
| 119|0x0000000088100000, 0x0000000088100000, 0x0000000088200000|  0%| F|  |TAMS 0x0000000088100000, 0x0000000088100000| Untracked 
| 120|0x0000000088200000, 0x0000000088200000, 0x0000000088300000|  0%| F|  |TAMS 0x0000000088200000, 0x0000000088200000| Untracked 
| 121|0x0000000088300000, 0x0000000088300000, 0x0000000088400000|  0%| F|  |TAMS 0x0000000088300000, 0x0000000088300000| Untracked 
| 122|0x0000000088400000, 0x0000000088400000, 0x0000000088500000|  0%| F|  |TAMS 0x0000000088400000, 0x0000000088400000| Untracked 
| 123|0x0000000088500000, 0x0000000088500000, 0x0000000088600000|  0%| F|  |TAMS 0x0000000088500000, 0x0000000088500000| Untracked 
| 124|0x0000000088600000, 0x0000000088700000, 0x0000000088700000|100%| E|  |TAMS 0x0000000088600000, 0x0000000088600000| Complete 
| 125|0x0000000088700000, 0x0000000088800000, 0x0000000088800000|100%| E|CS|TAMS 0x0000000088700000, 0x0000000088700000| Complete 
| 126|0x0000000088800000, 0x0000000088900000, 0x0000000088900000|100%| E|CS|TAMS 0x0000000088800000, 0x0000000088800000| Complete 
| 127|0x0000000088900000, 0x0000000088a00000, 0x0000000088a00000|100%| E|CS|TAMS 0x0000000088900000, 0x0000000088900000| Complete 

Card table byte_map: [0x0000022145cd0000,0x00000221460d0000] _byte_map_base: 0x00000221458cb000

Marking Bits (Prev, Next): (CMBitMap*) 0x000002213327eec0, (CMBitMap*) 0x000002213327ef00
 Prev Bits: [0x00000221464d0000, 0x00000221484a8000)
 Next Bits: [0x00000221484b0000, 0x000002214a488000)

Polling page: 0x00000221313b0000

Metaspace:

Usage:
  Non-class:      9.07 MB used.
      Class:    973.58 KB used.
       Both:     10.02 MB used.

Virtual space:
  Non-class space:       16.00 MB reserved,       9.13 MB ( 57%) committed,  2 nodes.
      Class space:        1.00 GB reserved,       1.00 MB ( <1%) committed,  1 nodes.
             Both:        1.02 GB reserved,      10.13 MB ( <1%) committed. 

Chunk freelists:
   Non-Class:  2.47 MB
       Class:  3.02 MB
        Both:  5.49 MB

MaxMetaspaceSize: unlimited
CompressedClassSpaceSize: 1.00 GB
Initial GC threshold: 21.00 MB
Current GC threshold: 21.00 MB
CDS: off
MetaspaceReclaimPolicy: balanced
 - commit_granule_bytes: 65536.
 - commit_granule_words: 8192.
 - virtual_space_node_default_size: 1048576.
 - enlarge_chunks_in_place: 1.
 - new_chunks_are_fully_committed: 0.
 - uncommit_free_chunks: 1.
 - use_allocation_guard: 0.
 - handle_deallocations: 1.


Internal statistics:

num_allocs_failed_limit: 0.
num_arena_births: 88.
num_arena_deaths: 0.
num_vsnodes_births: 3.
num_vsnodes_deaths: 0.
num_space_committed: 162.
num_space_uncommitted: 0.
num_chunks_returned_to_freelist: 0.
num_chunks_taken_from_freelist: 141.
num_chunk_merges: 0.
num_chunk_splits: 72.
num_chunks_enlarged: 23.
num_purges: 0.
num_inconsistent_stats: 0.

CodeHeap 'non-profiled nmethods': size=120000Kb used=118Kb max_used=118Kb free=119882Kb
 bounds [0x000002213e3a0000, 0x000002213e610000, 0x00000221458d0000]
CodeHeap 'profiled nmethods': size=120000Kb used=654Kb max_used=654Kb free=119345Kb
 bounds [0x00000221368d0000, 0x0000022136b40000, 0x000002213de00000]
CodeHeap 'non-nmethods': size=5760Kb used=1183Kb max_used=1193Kb free=4576Kb
 bounds [0x000002213de00000, 0x000002213e070000, 0x000002213e3a0000]
 total_blobs=929 nmethods=444 adapters=398
 compilation: enabled
              stopped_count=0, restarted_count=0
 full_count=0

Compilation events (20 events):
Event: 0.405 Thread 0x000002214d430650  430       3       java.lang.ref.WeakReference::<init> (7 bytes)
Event: 0.405 Thread 0x000002214d430650 nmethod 430 0x000002213696f710 code [0x000002213696f8c0, 0x000002213696fb98]
Event: 0.405 Thread 0x000002214d430650  436       3       java.util.Objects::requireNonNull (15 bytes)
Event: 0.405 Thread 0x000002214d430650 nmethod 436 0x000002213696fc90 code [0x000002213696fe40, 0x0000022136970028]
Event: 0.407 Thread 0x000002214d430650  437       3       jdk.internal.org.objectweb.asm.Attribute::computeAttributesSize (62 bytes)
Event: 0.407 Thread 0x000002214d430650 nmethod 437 0x0000022136970110 code [0x00000221369702e0, 0x0000022136970608]
Event: 0.407 Thread 0x000002214d430650  438       3       jdk.internal.org.objectweb.asm.AnnotationWriter::computeAnnotationsSize (66 bytes)
Event: 0.408 Thread 0x000002214d430650 nmethod 438 0x0000022136970790 code [0x0000022136970960, 0x0000022136970c98]
Event: 0.408 Thread 0x000002214d430650  439       3       jdk.internal.org.objectweb.asm.Attribute::putAttributes (78 bytes)
Event: 0.408 Thread 0x000002214d430650 nmethod 439 0x0000022136970e90 code [0x00000221369710e0, 0x0000022136971618]
Event: 0.408 Thread 0x000002214d430650  440       3       java.lang.String::checkBoundsOffCount (64 bytes)
Event: 0.409 Thread 0x000002214d430650 nmethod 440 0x0000022136971910 code [0x0000022136971ba0, 0x0000022136972498]
Event: 0.409 Thread 0x000002214d430650  441       1       java.lang.reflect.Field::getName (5 bytes)
Event: 0.409 Thread 0x000002214d430650 nmethod 441 0x000002213e3bd510 code [0x000002213e3bd6a0, 0x000002213e3bd778]
Event: 0.410 Thread 0x000002214d430650  442       3       sun.util.logging.PlatformLogger::isLoggable (23 bytes)
Event: 0.410 Thread 0x000002214d430650 nmethod 442 0x0000022136972810 code [0x00000221369729c0, 0x0000022136972c98]
Event: 0.410 Thread 0x000002214d430650  443       3       jdk.internal.logger.AbstractLoggerWrapper::isLoggable (26 bytes)
Event: 0.410 Thread 0x000002214d430650 nmethod 443 0x0000022136972d90 code [0x0000022136972f80, 0x00000221369734f8]
Event: 0.410 Thread 0x000002214d430650  444       3       jdk.internal.logger.LazyLoggers$LazyLoggerWrapper::platformProxy (10 bytes)
Event: 0.410 Thread 0x000002214d430650 nmethod 444 0x0000022136973690 code [0x0000022136973840, 0x00000221369739c8]

GC Heap History (0 events):
No events

Dll operation events (6 events):
Event: 0.007 Loaded shared library C:\Desktop\eclipse-java-2023-03-R-win32-x86_64\eclipse\plugins\org.eclipse.justj.openjdk.hotspot.jre.full.win32.x86_64_17.0.6.v20230204-1729\jre\bin\java.dll
Event: 0.132 Loaded shared library C:\Desktop\eclipse-java-2023-03-R-win32-x86_64\eclipse\plugins\org.eclipse.justj.openjdk.hotspot.jre.full.win32.x86_64_17.0.6.v20230204-1729\jre\bin\jimage.dll
Event: 0.142 Loaded shared library C:\Desktop\eclipse-java-2023-03-R-win32-x86_64\eclipse\plugins\org.eclipse.justj.openjdk.hotspot.jre.full.win32.x86_64_17.0.6.v20230204-1729\jre\bin\net.dll
Event: 0.144 Loaded shared library C:\Desktop\eclipse-java-2023-03-R-win32-x86_64\eclipse\plugins\org.eclipse.justj.openjdk.hotspot.jre.full.win32.x86_64_17.0.6.v20230204-1729\jre\bin\nio.dll
Event: 0.149 Loaded shared library C:\Desktop\eclipse-java-2023-03-R-win32-x86_64\eclipse\plugins\org.eclipse.justj.openjdk.hotspot.jre.full.win32.x86_64_17.0.6.v20230204-1729\jre\bin\zip.dll
Event: 0.180 Loaded shared library C:\Desktop\eclipse-java-2023-03-R-win32-x86_64\eclipse\plugins\org.eclipse.justj.openjdk.hotspot.jre.full.win32.x86_64_17.0.6.v20230204-1729\jre\bin\awt.dll

Deoptimization events (0 events):
No events

Classes unloaded (0 events):
No events

Classes redefined (0 events):
No events

Internal exceptions (10 events):
Event: 0.170 Thread 0x0000022133222d20 Exception <a 'java/lang/ClassNotFoundException'{0x0000000088856f98}: sun/awt/resources/spi/awtProvider> (0x0000000088856f98) 
thrown [s\src\hotspot\share\classfile\systemDictionary.cpp, line 256]
Event: 0.197 Thread 0x0000022133222d20 Exception <a 'java/io/FileNotFoundException'{0x00000000888b1a60}> (0x00000000888b1a60) 
thrown [s\src\hotspot\share\prims\jni.cpp, line 516]
Event: 0.204 Thread 0x0000022133222d20 Exception <a 'java/io/FileNotFoundException'{0x00000000888decb8}> (0x00000000888decb8) 
thrown [s\src\hotspot\share\prims\jni.cpp, line 516]
Event: 0.246 Thread 0x0000022133222d20 Exception <a 'java/lang/NoSuchMethodError'{0x000000008871f728}: 'java.lang.Object java.lang.invoke.DirectMethodHandle$Holder.invokeStaticInit(java.lang.Object)'> (0x000000008871f728) 
thrown [s\src\hotspot\share\interpreter\linkResolver.cpp, line 759]
Event: 0.359 Thread 0x0000022133222d20 Exception <a 'java/lang/NoSuchMethodError'{0x00000000887ac400}: 'void java.lang.invoke.DirectMethodHandle$Holder.invokeSpecial(java.lang.Object, java.lang.Object, java.lang.Object)'> (0x00000000887ac400) 
thrown [s\src\hotspot\share\interpreter\linkResolver.cpp, line 759]
Event: 0.368 Thread 0x0000022133222d20 Exception <a 'java/lang/NoSuchMethodError'{0x00000000887d6808}: 'java.lang.Object java.lang.invoke.DirectMethodHandle$Holder.newInvokeSpecial(java.lang.Object, java.lang.Object, java.lang.Object, java.lang.Object, java.lang.Object)'> (0x00000000887d6808) 
thrown [s\src\hotspot\share\interpreter\linkResolver.cpp, line 759]
Event: 0.370 Thread 0x0000022133222d20 Exception <a 'java/lang/NoSuchMethodError'{0x00000000887e21d0}: 'java.lang.Object java.lang.invoke.DirectMethodHandle$Holder.invokeStatic(java.lang.Object, int, java.lang.Object, java.lang.Object, java.lang.Object, java.lang.Object)'> (0x00000000887e21d0) 
thrown [s\src\hotspot\share\interpreter\linkResolver.cpp, line 759]
Event: 0.374 Thread 0x0000022133222d20 Exception <a 'java/lang/NoSuchMethodError'{0x0000000088607f18}: 'java.lang.Object java.lang.invoke.DirectMethodHandle$Holder.invokeStatic(java.lang.Object, int, java.lang.Object)'> (0x0000000088607f18) 
thrown [s\src\hotspot\share\interpreter\linkResolver.cpp, line 759]
Event: 0.401 Thread 0x0000022133222d20 Exception <a 'java/lang/ClassNotFoundException'{0x00000000886bfb40}: com/sun/swing/internal/plaf/metal/resources/spi/metalProvider> (0x00000000886bfb40) 
thrown [s\src\hotspot\share\classfile\systemDictionary.cpp, line 256]
Event: 0.402 Thread 0x0000022133222d20 Exception <a 'java/lang/ClassNotFoundException'{0x00000000886c39c8}: com/sun/swing/internal/plaf/basic/resources/spi/basicProvider> (0x00000000886c39c8) 
thrown [s\src\hotspot\share\classfile\systemDictionary.cpp, line 256]

VM Operations (2 events):
Event: 0.401 Executing VM operation: HandshakeAllThreads
Event: 0.401 Executing VM operation: HandshakeAllThreads done

Events (20 events):
Event: 0.409 loading class jdk/internal/reflect/UnsafeQualifiedStaticFieldAccessorImpl
Event: 0.409 loading class jdk/internal/reflect/UnsafeQualifiedStaticFieldAccessorImpl done
Event: 0.409 loading class jdk/internal/reflect/UnsafeQualifiedStaticIntegerFieldAccessorImpl done
Event: 0.409 loading class javax/swing/plaf/basic/LazyActionMap
Event: 0.410 loading class javax/swing/plaf/ActionMapUIResource
Event: 0.410 loading class javax/swing/ActionMap
Event: 0.410 loading class javax/swing/ActionMap done
Event: 0.410 loading class javax/swing/plaf/ActionMapUIResource done
Event: 0.410 loading class javax/swing/plaf/basic/LazyActionMap done
Event: 0.410 loading class javax/swing/DefaultButtonModel
Event: 0.410 loading class javax/swing/ButtonModel
Event: 0.410 loading class javax/swing/ButtonModel done
Event: 0.410 loading class javax/swing/DefaultButtonModel done
Event: 0.411 loading class javax/swing/AbstractButton$Handler
Event: 0.411 loading class javax/swing/event/ChangeListener
Event: 0.411 loading class javax/swing/event/ChangeListener done
Event: 0.411 loading class java/awt/event/ItemListener
Event: 0.411 loading class java/awt/event/ItemListener done
Event: 0.411 loading class javax/swing/AbstractButton$Handler done
Event: 0.411 loading class javax/swing/plaf/metal/MetalButtonUI


Dynamic libraries:
0x00007ff7577c0000 - 0x00007ff7577ce000 	C:\Desktop\eclipse-java-2023-03-R-win32-x86_64\eclipse\plugins\org.eclipse.justj.openjdk.hotspot.jre.full.win32.x86_64_17.0.6.v20230204-1729\jre\bin\javaw.exe
0x00007ff957c80000 - 0x00007ff957e70000 	C:\WINDOWS\SYSTEM32\ntdll.dll
0x00007ff957600000 - 0x00007ff9576b2000 	C:\WINDOWS\System32\KERNEL32.DLL
0x00007ff955a60000 - 0x00007ff955d05000 	C:\WINDOWS\System32\KERNELBASE.dll
0x00007ff954e20000 - 0x00007ff954f1a000 	C:\WINDOWS\System32\ucrtbase.dll
0x00007ff94fb80000 - 0x00007ff94fb99000 	C:\Desktop\eclipse-java-2023-03-R-win32-x86_64\eclipse\plugins\org.eclipse.justj.openjdk.hotspot.jre.full.win32.x86_64_17.0.6.v20230204-1729\jre\bin\VCRUNTIME140.dll
0x00007ff950000000 - 0x00007ff950017000 	C:\Desktop\eclipse-java-2023-03-R-win32-x86_64\eclipse\plugins\org.eclipse.justj.openjdk.hotspot.jre.full.win32.x86_64_17.0.6.v20230204-1729\jre\bin\jli.dll
0x00007ff957aa0000 - 0x00007ff957c34000 	C:\WINDOWS\System32\USER32.dll
0x00007ff955980000 - 0x00007ff9559a1000 	C:\WINDOWS\System32\win32u.dll
0x00007ff945a50000 - 0x00007ff945cd4000 	C:\WINDOWS\WinSxS\amd64_microsoft.windows.common-controls_6595b64144ccf1df_6.0.18362.1556_none_9e7e372fe45e41d5\COMCTL32.dll
0x00007ff9579e0000 - 0x00007ff957a7e000 	C:\WINDOWS\System32\msvcrt.dll
0x00007ff9561a0000 - 0x00007ff9564d6000 	C:\WINDOWS\System32\combase.dll
0x00007ff9578e0000 - 0x00007ff957906000 	C:\WINDOWS\System32\GDI32.dll
0x00007ff956be0000 - 0x00007ff956cff000 	C:\WINDOWS\System32\RPCRT4.dll
0x00007ff954bf0000 - 0x00007ff954d88000 	C:\WINDOWS\System32\gdi32full.dll
0x00007ff954d90000 - 0x00007ff954e11000 	C:\WINDOWS\System32\bcryptPrimitives.dll
0x00007ff954f70000 - 0x00007ff95500e000 	C:\WINDOWS\System32\msvcp_win.dll
0x00007ff957410000 - 0x00007ff95743e000 	C:\WINDOWS\System32\IMM32.DLL
0x00007ff950cb0000 - 0x00007ff950cbc000 	C:\Desktop\eclipse-java-2023-03-R-win32-x86_64\eclipse\plugins\org.eclipse.justj.openjdk.hotspot.jre.full.win32.x86_64_17.0.6.v20230204-1729\jre\bin\vcruntime140_1.dll
0x00007ff923690000 - 0x00007ff923721000 	C:\Desktop\eclipse-java-2023-03-R-win32-x86_64\eclipse\plugins\org.eclipse.justj.openjdk.hotspot.jre.full.win32.x86_64_17.0.6.v20230204-1729\jre\bin\msvcp140.dll
0x00007ff90e780000 - 0x00007ff90f3c7000 	C:\Desktop\eclipse-java-2023-03-R-win32-x86_64\eclipse\plugins\org.eclipse.justj.openjdk.hotspot.jre.full.win32.x86_64_17.0.6.v20230204-1729\jre\bin\server\jvm.dll
0x00007ff9570c0000 - 0x00007ff957163000 	C:\WINDOWS\System32\ADVAPI32.dll
0x00007ff957020000 - 0x00007ff9570b7000 	C:\WINDOWS\System32\sechost.dll
0x00007ff952600000 - 0x00007ff952624000 	C:\WINDOWS\SYSTEM32\WINMM.dll
0x00007ff93be00000 - 0x00007ff93be09000 	C:\WINDOWS\SYSTEM32\WSOCK32.dll
0x00007ff9572c0000 - 0x00007ff95732f000 	C:\WINDOWS\System32\WS2_32.dll
0x00007ff94de90000 - 0x00007ff94de9a000 	C:\WINDOWS\SYSTEM32\VERSION.dll
0x00007ff952560000 - 0x00007ff95258d000 	C:\WINDOWS\SYSTEM32\WINMMBASE.dll
0x00007ff954f20000 - 0x00007ff954f6a000 	C:\WINDOWS\System32\cfgmgr32.dll
0x00007ff954b90000 - 0x00007ff954ba1000 	C:\WINDOWS\System32\kernel.appcore.dll
0x00007ff94fb70000 - 0x00007ff94fb7a000 	C:\Desktop\eclipse-java-2023-03-R-win32-x86_64\eclipse\plugins\org.eclipse.justj.openjdk.hotspot.jre.full.win32.x86_64_17.0.6.v20230204-1729\jre\bin\jimage.dll
0x00007ff953390000 - 0x00007ff953584000 	C:\WINDOWS\SYSTEM32\DBGHELP.DLL
0x00007ff945270000 - 0x00007ff94529a000 	C:\WINDOWS\SYSTEM32\dbgcore.DLL
0x00007ff948600000 - 0x00007ff948625000 	C:\Desktop\eclipse-java-2023-03-R-win32-x86_64\eclipse\plugins\org.eclipse.justj.openjdk.hotspot.jre.full.win32.x86_64_17.0.6.v20230204-1729\jre\bin\java.dll
0x00007ff9482d0000 - 0x00007ff9482e8000 	C:\Desktop\eclipse-java-2023-03-R-win32-x86_64\eclipse\plugins\org.eclipse.justj.openjdk.hotspot.jre.full.win32.x86_64_17.0.6.v20230204-1729\jre\bin\zip.dll
0x00007ff9564e0000 - 0x00007ff956bc7000 	C:\WINDOWS\System32\SHELL32.dll
0x00007ff956ea0000 - 0x00007ff956f48000 	C:\WINDOWS\System32\shcore.dll
0x00007ff955070000 - 0x00007ff9557eb000 	C:\WINDOWS\System32\windows.storage.dll
0x00007ff954bb0000 - 0x00007ff954bce000 	C:\WINDOWS\System32\profapi.dll
0x00007ff954b40000 - 0x00007ff954b8a000 	C:\WINDOWS\System32\powrprof.dll
0x00007ff954b30000 - 0x00007ff954b40000 	C:\WINDOWS\System32\UMPDC.dll
0x00007ff956d00000 - 0x00007ff956d52000 	C:\WINDOWS\System32\shlwapi.dll
0x00007ff955d10000 - 0x00007ff955d27000 	C:\WINDOWS\System32\cryptsp.dll
0x00007ff946900000 - 0x00007ff946919000 	C:\Desktop\eclipse-java-2023-03-R-win32-x86_64\eclipse\plugins\org.eclipse.justj.openjdk.hotspot.jre.full.win32.x86_64_17.0.6.v20230204-1729\jre\bin\net.dll
0x00007ff94c590000 - 0x00007ff94c68a000 	C:\WINDOWS\SYSTEM32\WINHTTP.dll
0x00007ff954370000 - 0x00007ff9543d7000 	C:\WINDOWS\system32\mswsock.dll
0x00007ff944790000 - 0x00007ff9447a5000 	C:\Desktop\eclipse-java-2023-03-R-win32-x86_64\eclipse\plugins\org.eclipse.justj.openjdk.hotspot.jre.full.win32.x86_64_17.0.6.v20230204-1729\jre\bin\nio.dll
0x00007ff91ec40000 - 0x00007ff91edce000 	C:\Desktop\eclipse-java-2023-03-R-win32-x86_64\eclipse\plugins\org.eclipse.justj.openjdk.hotspot.jre.full.win32.x86_64_17.0.6.v20230204-1729\jre\bin\awt.dll
0x00007ff957910000 - 0x00007ff9579d5000 	C:\WINDOWS\System32\OLEAUT32.dll
0x00007ff952870000 - 0x00007ff9528ff000 	C:\WINDOWS\SYSTEM32\apphelp.dll
0x00007ff952f70000 - 0x00007ff952f9d000 	C:\WINDOWS\system32\DWMAPI.DLL
0x00007ff9529a0000 - 0x00007ff952a39000 	C:\WINDOWS\system32\uxtheme.dll
0x00007ff91ef40000 - 0x00007ff91f096000 	C:\WINDOWS\system32\opengl32.dll
0x00007ff945ce0000 - 0x00007ff945d0c000 	C:\WINDOWS\SYSTEM32\GLU32.dll
0x00007ff9537e0000 - 0x00007ff953800000 	C:\WINDOWS\SYSTEM32\dxcore.dll
0x00007ff956d60000 - 0x00007ff956e95000 	C:\WINDOWS\System32\MSCTF.dll
0x00007ff9574a0000 - 0x00007ff9575f7000 	C:\WINDOWS\System32\ole32.dll
0x00007ff9489c0000 - 0x00007ff948b87000 	C:\WINDOWS\system32\d3d9.dll
0x00007ff949d40000 - 0x00007ff949e57000 	C:\WINDOWS\System32\DriverStore\FileRepository\nv_dispig.inf_amd64_ee20464bb4ac57f4\nvldumdx.dll
0x00007ff954bd0000 - 0x00007ff954be2000 	C:\WINDOWS\System32\msasn1.dll
0x00007ff94de60000 - 0x00007ff94de8f000 	C:\WINDOWS\SYSTEM32\cryptnet.dll
0x00007ff9557f0000 - 0x00007ff955941000 	C:\WINDOWS\System32\CRYPT32.dll
0x00007ff94dc00000 - 0x00007ff94dd3c000 	C:\WINDOWS\SYSTEM32\drvstore.dll
0x00007ff954920000 - 0x00007ff95494a000 	C:\WINDOWS\SYSTEM32\devobj.dll
0x00007ff9545e0000 - 0x00007ff954609000 	C:\WINDOWS\SYSTEM32\wldp.dll
0x00007ff955010000 - 0x00007ff95506c000 	C:\WINDOWS\System32\WINTRUST.dll
0x00007ff954540000 - 0x00007ff95454c000 	C:\WINDOWS\SYSTEM32\cryptbase.dll
0x00007ff957a80000 - 0x00007ff957a9d000 	C:\WINDOWS\System32\imagehlp.dll
0x00007ff953ef0000 - 0x00007ff953f23000 	C:\WINDOWS\system32\rsaenh.dll
0x00007ff955950000 - 0x00007ff955976000 	C:\WINDOWS\System32\bcrypt.dll
0x00007ff90cf70000 - 0x00007ff90e77a000 	C:\WINDOWS\System32\DriverStore\FileRepository\nv_dispig.inf_amd64_ee20464bb4ac57f4\nvd3dumx.dll

dbghelp: loaded successfully - version: 4.0.5 - missing functions: none
symbol engine: initialized successfully - sym options: 0x614 - pdb path: .;C:\Desktop\eclipse-java-2023-03-R-win32-x86_64\eclipse\plugins\org.eclipse.justj.openjdk.hotspot.jre.full.win32.x86_64_17.0.6.v20230204-1729\jre\bin;C:\WINDOWS\SYSTEM32;C:\WINDOWS\WinSxS\amd64_microsoft.windows.common-controls_6595b64144ccf1df_6.0.18362.1556_none_9e7e372fe45e41d5;C:\Desktop\eclipse-java-2023-03-R-win32-x86_64\eclipse\plugins\org.eclipse.justj.openjdk.hotspot.jre.full.win32.x86_64_17.0.6.v20230204-1729\jre\bin\server;C:\WINDOWS\System32\DriverStore\FileRepository\nv_dispig.inf_amd64_ee20464bb4ac57f4

VM Arguments:
jvm_args: -Dfile.encoding=UTF-8 -XX:+ShowCodeDetailsInExceptionMessages 
java_command: rugby.GameEnviroment
java_class_path (initial): C:\Desktop\Project\Seng201\bin;C:\Desktop\Project\Seng201\jgoodies-forms-1.8.0.jar;C:\Desktop\Project\Seng201\miglayout15-swing.jar
Launcher Type: SUN_STANDARD

[Global flags]
     intx CICompilerCount                          = 3                                         {product} {ergonomic}
     uint ConcGCThreads                            = 1                                         {product} {ergonomic}
     uint G1ConcRefinementThreads                  = 4                                         {product} {ergonomic}
   size_t G1HeapRegionSize                         = 1048576                                   {product} {ergonomic}
    uintx GCDrainStackTargetSize                   = 64                                        {product} {ergonomic}
   size_t InitialHeapSize                          = 134217728                                 {product} {ergonomic}
   size_t MarkStackSize                            = 4194304                                   {product} {ergonomic}
   size_t MaxHeapSize                              = 2136997888                                {product} {ergonomic}
   size_t MaxNewSize                               = 1281359872                                {product} {ergonomic}
   size_t MinHeapDeltaBytes                        = 1048576                                   {product} {ergonomic}
   size_t MinHeapSize                              = 8388608                                   {product} {ergonomic}
    uintx NonNMethodCodeHeapSize                   = 5832780                                {pd product} {ergonomic}
    uintx NonProfiledCodeHeapSize                  = 122912730                              {pd product} {ergonomic}
    uintx ProfiledCodeHeapSize                     = 122912730                              {pd product} {ergonomic}
    uintx ReservedCodeCacheSize                    = 251658240                              {pd product} {ergonomic}
     bool SegmentedCodeCache                       = true                                      {product} {ergonomic}
     bool ShowCodeDetailsInExceptionMessages       = true                                   {manageable} {command line}
   size_t SoftMaxHeapSize                          = 2136997888                             {manageable} {ergonomic}
     bool UseCompressedClassPointers               = true                           {product lp64_product} {ergonomic}
     bool UseCompressedOops                        = true                           {product lp64_product} {ergonomic}
     bool UseG1GC                                  = true                                      {product} {ergonomic}
     bool UseLargePagesIndividualAllocation        = false                                  {pd product} {ergonomic}

Logging:
Log output configuration:
 #0: stdout all=warning uptime,level,tags
 #1: stderr all=off uptime,level,tags

Environment Variables:
PATH=C:/Desktop/eclipse-java-2023-03-R-win32-x86_64/eclipse//plugins/org.eclipse.justj.openjdk.hotspot.jre.full.win32.x86_64_17.0.7.v20230425-1502/jre/bin/server;C:/Desktop/eclipse-java-2023-03-R-win32-x86_64/eclipse//plugins/org.eclipse.justj.openjdk.hotspot.jre.full.win32.x86_64_17.0.7.v20230425-1502/jre/bin;C:\Program Files (x86)\Common Files\Oracle\Java\javapath;C:\Program Files (x86)\Razer Chroma SDK\bin;C:\Program Files\Razer Chroma SDK\bin;C:\ProgramData\Oracle\Java\javapath;C:\Windows\system32;C:\Windows;C:\Windows\System32\Wbem;C:\Windows\System32\WindowsPowerShell\v1.0\;C:\Program Files (x86)\Skype\Phone\;C:\Program Files\Intel\WiFi\bin\;C:\Program Files\Common Files\Intel\WirelessCommon\;C:\WINDOWS\system32;C:\WINDOWS;C:\WINDOWS\System32\Wbem;C:\WINDOWS\System32\WindowsPowerShell\v1.0\;C:\Users\sport\AppData\Local\Microsoft\WindowsApps;C:\Program Files (x86)\NVIDIA Corporation\PhysX\Common;C:\Program Files (x86)\GtkSharp\2.12\bin;C:\WINDOWS\System32\OpenSSH\;C:\Program Files\NVIDIA Corporation\NVIDIA NvDLISR;C:\Program Files (x86)\IVI Foundation\VISA\WinNT\Bin;C:\WINDOWS\system32;C:\WINDOWS;C:\WINDOWS\System32\Wbem;C:\WINDOWS\System32\WindowsPowerShell\v1.0\;C:\WINDOWS\System32\OpenSSH\;C:\Program Files\Git\cmd;C:\Users\sport\AppData\Local\Programs\Python\Python37\Scripts\;C:\Users\sport\AppData\Local\Programs\Python\Python37\;C:\Users\sport\AppData\Local\Microsoft\WindowsApps;C:\Users\sport\AppData\Local\atom\bin;C:\Users\sport\AppData\Local\Microsoft\WindowsApps;C:\Users\sport\AppData\Local\GitHubDesktop\bin;C:\Users\sport\AppData\Local\Programs\Microsoft VS Code\bin;C:\Desktop\eclipse-java-2023-03-R-win32-x86_64\eclipse;
USERNAME=sport
OS=Windows_NT
PROCESSOR_IDENTIFIER=Intel64 Family 6 Model 94 Stepping 3, GenuineIntel
TMP=C:\Users\sport\AppData\Local\Temp
TEMP=C:\Users\sport\AppData\Local\Temp



---------------  S Y S T E M  ---------------

OS:
 Windows 10 , 64 bit Build 18362 (10.0.18362.1500)
OS uptime: 8 days 1:20 hours

CPU: total 4 (initial active 4) (4 cores per cpu, 1 threads per core) family 6 model 94 stepping 3 microcode 0xd6, cx8, cmov, fxsr, mmx, 3dnowpref, sse, sse2, sse3, ssse3, sse4.1, sse4.2, popcnt, lzcnt, tsc, tscinvbit, avx, avx2, aes, erms, clmul, bmi1, bmi2, rtm, adx, fma, vzeroupper, clflush, clflushopt

Memory: 4k page, system-wide physical 8147M (1739M free)
TotalPageFile size 32723M (AvailPageFile size 2M)
current process WorkingSet (physical memory assigned to process): 54M, peak: 54M
current process commit charge ("private bytes"): 211M, peak: 211M

vm_info: OpenJDK 64-Bit Server VM (17.0.6+10) for windows-amd64 JRE (17.0.6+10), built on Jan 18 2023 10:08:59 by "temurin" with MS VC++ 16.7 (VS2019)

END.
