#
# There is insufficient memory for the Java Runtime Environment to continue.
# Native memory allocation (mmap) failed to map 134217728 bytes for G1 virtual space
# Possible reasons:
#   The system is out of physical RAM or swap space
#   The process is running with CompressedOops enabled, and the Java Heap may be blocking the growth of the native heap
# Possible solutions:
#   Reduce memory load on the system
#   Increase physical memory or swap space
#   Check if swap backing store is full
#   Decrease Java heap size (-Xmx/-Xms)
#   Decrease number of Java threads
#   Decrease Java thread stack sizes (-Xss)
#   Set larger code cache with -XX:ReservedCodeCacheSize=
#   JVM is running with Unscaled Compressed Oops mode in which the Java heap is
#     placed in the first 4GB address space. The Java Heap base address is the
#     maximum limit for the native heap growth. Please use -XX:HeapBaseMinAddress
#     to set the Java Heap base and to place the Java Heap above 4GB virtual address.
# This output file may be truncated or incomplete.
#
#  Out of Memory Error (os_windows.cpp:3557), pid=7784, tid=23152
#
# JRE version:  (17.0.6+10) (build )
# Java VM: OpenJDK 64-Bit Server VM (17.0.6+10, mixed mode, sharing, tiered, compressed oops, compressed class ptrs, g1 gc, windows-amd64)
# No core dump will be written. Minidumps are not enabled by default on client versions of Windows
#

---------------  S U M M A R Y ------------

Command Line: -Dfile.encoding=UTF-8 -XX:+ShowCodeDetailsInExceptionMessages rugby.GameEnviroment

Host: Intel(R) Core(TM) i5-6500 CPU @ 3.20GHz, 4 cores, 7G,  Windows 10 , 64 bit Build 18362 (10.0.18362.1500)
Time: Fri May 12 22:56:30 2023 New Zealand Standard Time elapsed time: 0.016430 seconds (0d 0h 0m 0s)

---------------  T H R E A D  ---------------

Current thread (0x000001cee2503730):  JavaThread "Unknown thread" [_thread_in_vm, id=23152, stack(0x0000009cf2e00000,0x0000009cf2f00000)]

Stack: [0x0000009cf2e00000,0x0000009cf2f00000]
Native frames: (J=compiled Java code, j=interpreted, Vv=VM code, C=native code)
V  [jvm.dll+0x67741a]
V  [jvm.dll+0x834434]
V  [jvm.dll+0x835bde]
V  [jvm.dll+0x836243]
V  [jvm.dll+0x2457b5]
V  [jvm.dll+0x674329]
V  [jvm.dll+0x6689da]
V  [jvm.dll+0x30489b]
V  [jvm.dll+0x30bd96]
V  [jvm.dll+0x35b57e]
V  [jvm.dll+0x35b7af]
V  [jvm.dll+0x2db778]
V  [jvm.dll+0x2dc6e4]
V  [jvm.dll+0x806131]
V  [jvm.dll+0x369331]
V  [jvm.dll+0x7e56ac]
V  [jvm.dll+0x3eb35f]
V  [jvm.dll+0x3ecea1]
C  [jli.dll+0x5267]
C  [ucrtbase.dll+0x210b2]
C  [KERNEL32.DLL+0x17c24]
C  [ntdll.dll+0x6d721]


---------------  P R O C E S S  ---------------

Threads class SMR info:
_java_thread_list=0x00007ff90f295fd8, length=0, elements={
}

Java Threads: ( => current thread )

Other Threads:
  0x000001cee255e6c0 GCTaskThread "GC Thread#0" [stack: 0x0000009cf2f00000,0x0000009cf3000000] [id=7212]
  0x000001cee256f3d0 ConcurrentGCThread "G1 Main Marker" [stack: 0x0000009cf3000000,0x0000009cf3100000] [id=14944]
  0x000001cee2570490 ConcurrentGCThread "G1 Conc#0" [stack: 0x0000009cf3100000,0x0000009cf3200000] [id=22612]

[error occurred during error reporting (printing all threads), id 0xc0000005, EXCEPTION_ACCESS_VIOLATION (0xc0000005) at pc=0x00007ff90ea6c1e7]

VM state: not at safepoint (not fully initialized)

VM Mutex/Monitor currently owned by a thread:  ([mutex/lock_event])
[0x000001cee24fd6a0] Heap_lock - owner thread: 0x000001cee2503730

Heap address: 0x0000000080a00000, size: 2038 MB, Compressed Oops mode: 32-bit

CDS archive(s) mapped at: [0x0000000000000000-0x0000000000000000-0x0000000000000000), size 0, SharedBaseAddress: 0x0000000800000000, ArchiveRelocationMode: 0.
Narrow klass base: 0x0000000000000000, Narrow klass shift: 0, Narrow klass range: 0x0

GC Precious Log:
<Empty>

Heap:
 garbage-first heap   total 0K, used 0K [0x0000000080a00000, 0x0000000100000000)
  region size 1024K, 0 young (0K), 0 survivors (0K)

[error occurred during error reporting (printing heap information), id 0xc0000005, EXCEPTION_ACCESS_VIOLATION (0xc0000005) at pc=0x00007ff90ee506f9]

GC Heap History (0 events):
No events

Dll operation events (1 events):
Event: 0.007 Loaded shared library C:\Desktop\eclipse-java-2023-03-R-win32-x86_64\eclipse\plugins\org.eclipse.justj.openjdk.hotspot.jre.full.win32.x86_64_17.0.6.v20230204-1729\jre\bin\java.dll

Deoptimization events (0 events):
No events

Classes unloaded (0 events):
No events

Classes redefined (0 events):
No events

Internal exceptions (0 events):
No events

VM Operations (0 events):
No events

Events (0 events):
No events


Dynamic libraries:
0x00007ff7577c0000 - 0x00007ff7577ce000 	C:\Desktop\eclipse-java-2023-03-R-win32-x86_64\eclipse\plugins\org.eclipse.justj.openjdk.hotspot.jre.full.win32.x86_64_17.0.6.v20230204-1729\jre\bin\javaw.exe
0x00007ff957c80000 - 0x00007ff957e70000 	C:\WINDOWS\SYSTEM32\ntdll.dll
0x00007ff957600000 - 0x00007ff9576b2000 	C:\WINDOWS\System32\KERNEL32.DLL
0x00007ff955a60000 - 0x00007ff955d05000 	C:\WINDOWS\System32\KERNELBASE.dll
0x00007ff954e20000 - 0x00007ff954f1a000 	C:\WINDOWS\System32\ucrtbase.dll
0x00007ff950000000 - 0x00007ff950017000 	C:\Desktop\eclipse-java-2023-03-R-win32-x86_64\eclipse\plugins\org.eclipse.justj.openjdk.hotspot.jre.full.win32.x86_64_17.0.6.v20230204-1729\jre\bin\jli.dll
0x00007ff957aa0000 - 0x00007ff957c34000 	C:\WINDOWS\System32\USER32.dll
0x00007ff955980000 - 0x00007ff9559a1000 	C:\WINDOWS\System32\win32u.dll
0x00007ff9578e0000 - 0x00007ff957906000 	C:\WINDOWS\System32\GDI32.dll
0x00007ff954bf0000 - 0x00007ff954d88000 	C:\WINDOWS\System32\gdi32full.dll
0x00007ff954f70000 - 0x00007ff95500e000 	C:\WINDOWS\System32\msvcp_win.dll
0x00007ff94fb80000 - 0x00007ff94fb99000 	C:\Desktop\eclipse-java-2023-03-R-win32-x86_64\eclipse\plugins\org.eclipse.justj.openjdk.hotspot.jre.full.win32.x86_64_17.0.6.v20230204-1729\jre\bin\VCRUNTIME140.dll
0x00007ff945a50000 - 0x00007ff945cd4000 	C:\WINDOWS\WinSxS\amd64_microsoft.windows.common-controls_6595b64144ccf1df_6.0.18362.1556_none_9e7e372fe45e41d5\COMCTL32.dll
0x00007ff9579e0000 - 0x00007ff957a7e000 	C:\WINDOWS\System32\msvcrt.dll
0x00007ff9561a0000 - 0x00007ff9564d6000 	C:\WINDOWS\System32\combase.dll
0x00007ff956be0000 - 0x00007ff956cff000 	C:\WINDOWS\System32\RPCRT4.dll
0x00007ff954d90000 - 0x00007ff954e11000 	C:\WINDOWS\System32\bcryptPrimitives.dll
0x00007ff957410000 - 0x00007ff95743e000 	C:\WINDOWS\System32\IMM32.DLL
0x00007ff950cb0000 - 0x00007ff950cbc000 	C:\Desktop\eclipse-java-2023-03-R-win32-x86_64\eclipse\plugins\org.eclipse.justj.openjdk.hotspot.jre.full.win32.x86_64_17.0.6.v20230204-1729\jre\bin\vcruntime140_1.dll
0x00007ff923690000 - 0x00007ff923721000 	C:\Desktop\eclipse-java-2023-03-R-win32-x86_64\eclipse\plugins\org.eclipse.justj.openjdk.hotspot.jre.full.win32.x86_64_17.0.6.v20230204-1729\jre\bin\msvcp140.dll
0x00007ff90e780000 - 0x00007ff90f3c7000 	C:\Desktop\eclipse-java-2023-03-R-win32-x86_64\eclipse\plugins\org.eclipse.justj.openjdk.hotspot.jre.full.win32.x86_64_17.0.6.v20230204-1729\jre\bin\server\jvm.dll
0x00007ff9570c0000 - 0x00007ff957163000 	C:\WINDOWS\System32\ADVAPI32.dll
0x00007ff957020000 - 0x00007ff9570b7000 	C:\WINDOWS\System32\sechost.dll
0x00007ff93be00000 - 0x00007ff93be09000 	C:\WINDOWS\SYSTEM32\WSOCK32.dll
0x00007ff9572c0000 - 0x00007ff95732f000 	C:\WINDOWS\System32\WS2_32.dll
0x00007ff952600000 - 0x00007ff952624000 	C:\WINDOWS\SYSTEM32\WINMM.dll
0x00007ff94de90000 - 0x00007ff94de9a000 	C:\WINDOWS\SYSTEM32\VERSION.dll
0x00007ff952560000 - 0x00007ff95258d000 	C:\WINDOWS\SYSTEM32\WINMMBASE.dll
0x00007ff954f20000 - 0x00007ff954f6a000 	C:\WINDOWS\System32\cfgmgr32.dll
0x00007ff954b90000 - 0x00007ff954ba1000 	C:\WINDOWS\System32\kernel.appcore.dll
0x00007ff94fb70000 - 0x00007ff94fb7a000 	C:\Desktop\eclipse-java-2023-03-R-win32-x86_64\eclipse\plugins\org.eclipse.justj.openjdk.hotspot.jre.full.win32.x86_64_17.0.6.v20230204-1729\jre\bin\jimage.dll
0x00007ff953390000 - 0x00007ff953584000 	C:\WINDOWS\SYSTEM32\DBGHELP.DLL
0x00007ff945270000 - 0x00007ff94529a000 	C:\WINDOWS\SYSTEM32\dbgcore.DLL
0x00007ff948600000 - 0x00007ff948625000 	C:\Desktop\eclipse-java-2023-03-R-win32-x86_64\eclipse\plugins\org.eclipse.justj.openjdk.hotspot.jre.full.win32.x86_64_17.0.6.v20230204-1729\jre\bin\java.dll

dbghelp: loaded successfully - version: 4.0.5 - missing functions: none
symbol engine: initialized successfully - sym options: 0x614 - pdb path: .;C:\Desktop\eclipse-java-2023-03-R-win32-x86_64\eclipse\plugins\org.eclipse.justj.openjdk.hotspot.jre.full.win32.x86_64_17.0.6.v20230204-1729\jre\bin;C:\WINDOWS\SYSTEM32;C:\WINDOWS\WinSxS\amd64_microsoft.windows.common-controls_6595b64144ccf1df_6.0.18362.1556_none_9e7e372fe45e41d5;C:\Desktop\eclipse-java-2023-03-R-win32-x86_64\eclipse\plugins\org.eclipse.justj.openjdk.hotspot.jre.full.win32.x86_64_17.0.6.v20230204-1729\jre\bin\server

VM Arguments:
jvm_args: -Dfile.encoding=UTF-8 -XX:+ShowCodeDetailsInExceptionMessages 
java_command: rugby.GameEnviroment
java_class_path (initial): C:\Desktop\Project\Seng201\bin;C:\Desktop\Project\Seng201\jgoodies-forms-1.8.0.jar;C:\Desktop\Project\Seng201\miglayout15-swing.jar
Launcher Type: SUN_STANDARD

[Global flags]
     intx CICompilerCount                          = 3                                         {product} {ergonomic}
     uint ConcGCThreads                            = 1                                         {product} {ergonomic}
     uint G1ConcRefinementThreads                  = 4                                         {product} {ergonomic}
   size_t G1HeapRegionSize                         = 1048576                                   {product} {ergonomic}
    uintx GCDrainStackTargetSize                   = 64                                        {product} {ergonomic}
   size_t InitialHeapSize                          = 134217728                                 {product} {ergonomic}
   size_t MarkStackSize                            = 4194304                                   {product} {ergonomic}
   size_t MaxHeapSize                              = 2136997888                                {product} {ergonomic}
   size_t MinHeapDeltaBytes                        = 1048576                                   {product} {ergonomic}
   size_t MinHeapSize                              = 8388608                                   {product} {ergonomic}
    uintx NonNMethodCodeHeapSize                   = 5832780                                {pd product} {ergonomic}
    uintx NonProfiledCodeHeapSize                  = 122912730                              {pd product} {ergonomic}
    uintx ProfiledCodeHeapSize                     = 122912730                              {pd product} {ergonomic}
    uintx ReservedCodeCacheSize                    = 251658240                              {pd product} {ergonomic}
     bool SegmentedCodeCache                       = true                                      {product} {ergonomic}
     bool ShowCodeDetailsInExceptionMessages       = true                                   {manageable} {command line}
   size_t SoftMaxHeapSize                          = 2136997888                             {manageable} {ergonomic}
     bool UseCompressedClassPointers               = true                           {product lp64_product} {ergonomic}
     bool UseCompressedOops                        = true                           {product lp64_product} {ergonomic}
     bool UseG1GC                                  = true                                      {product} {ergonomic}
     bool UseLargePagesIndividualAllocation        = false                                  {pd product} {ergonomic}

Logging:
Log output configuration:
 #0: stdout all=warning uptime,level,tags
 #1: stderr all=off uptime,level,tags

Environment Variables:
PATH=C:/Desktop/eclipse-java-2023-03-R-win32-x86_64/eclipse//plugins/org.eclipse.justj.openjdk.hotspot.jre.full.win32.x86_64_17.0.7.v20230425-1502/jre/bin/server;C:/Desktop/eclipse-java-2023-03-R-win32-x86_64/eclipse//plugins/org.eclipse.justj.openjdk.hotspot.jre.full.win32.x86_64_17.0.7.v20230425-1502/jre/bin;C:\Program Files (x86)\Common Files\Oracle\Java\javapath;C:\Program Files (x86)\Razer Chroma SDK\bin;C:\Program Files\Razer Chroma SDK\bin;C:\ProgramData\Oracle\Java\javapath;C:\Windows\system32;C:\Windows;C:\Windows\System32\Wbem;C:\Windows\System32\WindowsPowerShell\v1.0\;C:\Program Files (x86)\Skype\Phone\;C:\Program Files\Intel\WiFi\bin\;C:\Program Files\Common Files\Intel\WirelessCommon\;C:\WINDOWS\system32;C:\WINDOWS;C:\WINDOWS\System32\Wbem;C:\WINDOWS\System32\WindowsPowerShell\v1.0\;C:\Users\sport\AppData\Local\Microsoft\WindowsApps;C:\Program Files (x86)\NVIDIA Corporation\PhysX\Common;C:\Program Files (x86)\GtkSharp\2.12\bin;C:\WINDOWS\System32\OpenSSH\;C:\Program Files\NVIDIA Corporation\NVIDIA NvDLISR;C:\Program Files (x86)\IVI Foundation\VISA\WinNT\Bin;C:\WINDOWS\system32;C:\WINDOWS;C:\WINDOWS\System32\Wbem;C:\WINDOWS\System32\WindowsPowerShell\v1.0\;C:\WINDOWS\System32\OpenSSH\;C:\Program Files\Git\cmd;C:\Users\sport\AppData\Local\Programs\Python\Python37\Scripts\;C:\Users\sport\AppData\Local\Programs\Python\Python37\;C:\Users\sport\AppData\Local\Microsoft\WindowsApps;C:\Users\sport\AppData\Local\atom\bin;C:\Users\sport\AppData\Local\Microsoft\WindowsApps;C:\Users\sport\AppData\Local\GitHubDesktop\bin;C:\Users\sport\AppData\Local\Programs\Microsoft VS Code\bin;C:\Desktop\eclipse-java-2023-03-R-win32-x86_64\eclipse;
USERNAME=sport
OS=Windows_NT
PROCESSOR_IDENTIFIER=Intel64 Family 6 Model 94 Stepping 3, GenuineIntel
TMP=C:\Users\sport\AppData\Local\Temp
TEMP=C:\Users\sport\AppData\Local\Temp



---------------  S Y S T E M  ---------------

OS:
 Windows 10 , 64 bit Build 18362 (10.0.18362.1500)
OS uptime: 8 days 1:20 hours

CPU: total 4 (initial active 4) (4 cores per cpu, 1 threads per core) family 6 model 94 stepping 3 microcode 0xd6, cx8, cmov, fxsr, mmx, 3dnowpref, sse, sse2, sse3, ssse3, sse4.1, sse4.2, popcnt, lzcnt, tsc, tscinvbit, avx, avx2, aes, erms, clmul, bmi1, bmi2, rtm, adx, fma, vzeroupper, clflush, clflushopt

Memory: 4k page, system-wide physical 8147M (1737M free)
TotalPageFile size 32723M (AvailPageFile size 123M)
current process WorkingSet (physical memory assigned to process): 10M, peak: 10M
current process commit charge ("private bytes"): 51M, peak: 179M

vm_info: OpenJDK 64-Bit Server VM (17.0.6+10) for windows-amd64 JRE (17.0.6+10), built on Jan 18 2023 10:08:59 by "temurin" with MS VC++ 16.7 (VS2019)

END.
